Start testing: Sep 17 23:48 CST
----------------------------------------------------------
1/164 Testing: t_wrapping_ints_cmp
1/164 Test: t_wrapping_ints_cmp
Command: "/home/jhz/sponge/build/tests/wrapping_integers_cmp"
Directory: /home/jhz/sponge/build
"t_wrapping_ints_cmp" start time: Sep 17 23:48 CST
Output:
----------------------------------------------------------
<end of output>
Test time =   0.02 sec
----------------------------------------------------------
Test Passed.
"t_wrapping_ints_cmp" end time: Sep 17 23:48 CST
"t_wrapping_ints_cmp" time elapsed: 00:00:00
----------------------------------------------------------

2/164 Testing: t_wrapping_ints_unwrap
2/164 Test: t_wrapping_ints_unwrap
Command: "/home/jhz/sponge/build/tests/wrapping_integers_unwrap"
Directory: /home/jhz/sponge/build
"t_wrapping_ints_unwrap" start time: Sep 17 23:48 CST
Output:
----------------------------------------------------------
<end of output>
Test time =   0.00 sec
----------------------------------------------------------
Test Passed.
"t_wrapping_ints_unwrap" end time: Sep 17 23:48 CST
"t_wrapping_ints_unwrap" time elapsed: 00:00:00
----------------------------------------------------------

3/164 Testing: t_wrapping_ints_wrap
3/164 Test: t_wrapping_ints_wrap
Command: "/home/jhz/sponge/build/tests/wrapping_integers_wrap"
Directory: /home/jhz/sponge/build
"t_wrapping_ints_wrap" start time: Sep 17 23:48 CST
Output:
----------------------------------------------------------
<end of output>
Test time =   0.00 sec
----------------------------------------------------------
Test Passed.
"t_wrapping_ints_wrap" end time: Sep 17 23:48 CST
"t_wrapping_ints_wrap" time elapsed: 00:00:00
----------------------------------------------------------

4/164 Testing: t_recv_connect
4/164 Test: t_recv_connect
Command: "/home/jhz/sponge/build/tests/recv_connect"
Directory: /home/jhz/sponge/build
"t_recv_connect" start time: Sep 17 23:48 CST
Output:
----------------------------------------------------------
<end of output>
Test time =   0.00 sec
----------------------------------------------------------
Test Passed.
"t_recv_connect" end time: Sep 17 23:48 CST
"t_recv_connect" time elapsed: 00:00:00
----------------------------------------------------------

5/164 Testing: t_recv_transmit
5/164 Test: t_recv_transmit
Command: "/home/jhz/sponge/build/tests/recv_transmit"
Directory: /home/jhz/sponge/build
"t_recv_transmit" start time: Sep 17 23:48 CST
Output:
----------------------------------------------------------
<end of output>
Test time =   0.06 sec
----------------------------------------------------------
Test Passed.
"t_recv_transmit" end time: Sep 17 23:48 CST
"t_recv_transmit" time elapsed: 00:00:00
----------------------------------------------------------

6/164 Testing: t_recv_window
6/164 Test: t_recv_window
Command: "/home/jhz/sponge/build/tests/recv_window"
Directory: /home/jhz/sponge/build
"t_recv_window" start time: Sep 17 23:48 CST
Output:
----------------------------------------------------------
<end of output>
Test time =   0.00 sec
----------------------------------------------------------
Test Passed.
"t_recv_window" end time: Sep 17 23:48 CST
"t_recv_window" time elapsed: 00:00:00
----------------------------------------------------------

7/164 Testing: t_recv_reorder
7/164 Test: t_recv_reorder
Command: "/home/jhz/sponge/build/tests/recv_reorder"
Directory: /home/jhz/sponge/build
"t_recv_reorder" start time: Sep 17 23:48 CST
Output:
----------------------------------------------------------
<end of output>
Test time =   0.02 sec
----------------------------------------------------------
Test Passed.
"t_recv_reorder" end time: Sep 17 23:48 CST
"t_recv_reorder" time elapsed: 00:00:00
----------------------------------------------------------

8/164 Testing: t_recv_close
8/164 Test: t_recv_close
Command: "/home/jhz/sponge/build/tests/recv_close"
Directory: /home/jhz/sponge/build
"t_recv_close" start time: Sep 17 23:48 CST
Output:
----------------------------------------------------------
<end of output>
Test time =   0.02 sec
----------------------------------------------------------
Test Passed.
"t_recv_close" end time: Sep 17 23:48 CST
"t_recv_close" time elapsed: 00:00:00
----------------------------------------------------------

9/164 Testing: t_send_connect
9/164 Test: t_send_connect
Command: "/home/jhz/sponge/build/tests/send_connect"
Directory: /home/jhz/sponge/build
"t_send_connect" start time: Sep 17 23:48 CST
Output:
----------------------------------------------------------
<end of output>
Test time =   0.02 sec
----------------------------------------------------------
Test Passed.
"t_send_connect" end time: Sep 17 23:48 CST
"t_send_connect" time elapsed: 00:00:00
----------------------------------------------------------

10/164 Testing: t_send_transmit
10/164 Test: t_send_transmit
Command: "/home/jhz/sponge/build/tests/send_transmit"
Directory: /home/jhz/sponge/build
"t_send_transmit" start time: Sep 17 23:48 CST
Output:
----------------------------------------------------------
<end of output>
Test time =   0.06 sec
----------------------------------------------------------
Test Passed.
"t_send_transmit" end time: Sep 17 23:48 CST
"t_send_transmit" time elapsed: 00:00:00
----------------------------------------------------------

11/164 Testing: t_send_retx
11/164 Test: t_send_retx
Command: "/home/jhz/sponge/build/tests/send_retx"
Directory: /home/jhz/sponge/build
"t_send_retx" start time: Sep 17 23:48 CST
Output:
----------------------------------------------------------
<end of output>
Test time =   0.02 sec
----------------------------------------------------------
Test Passed.
"t_send_retx" end time: Sep 17 23:48 CST
"t_send_retx" time elapsed: 00:00:00
----------------------------------------------------------

12/164 Testing: t_send_window
12/164 Test: t_send_window
Command: "/home/jhz/sponge/build/tests/send_window"
Directory: /home/jhz/sponge/build
"t_send_window" start time: Sep 17 23:48 CST
Output:
----------------------------------------------------------
<end of output>
Test time =   0.06 sec
----------------------------------------------------------
Test Passed.
"t_send_window" end time: Sep 17 23:48 CST
"t_send_window" time elapsed: 00:00:00
----------------------------------------------------------

13/164 Testing: t_send_ack
13/164 Test: t_send_ack
Command: "/home/jhz/sponge/build/tests/send_ack"
Directory: /home/jhz/sponge/build
"t_send_ack" start time: Sep 17 23:48 CST
Output:
----------------------------------------------------------
<end of output>
Test time =   0.02 sec
----------------------------------------------------------
Test Passed.
"t_send_ack" end time: Sep 17 23:48 CST
"t_send_ack" time elapsed: 00:00:00
----------------------------------------------------------

14/164 Testing: t_send_close
14/164 Test: t_send_close
Command: "/home/jhz/sponge/build/tests/send_close"
Directory: /home/jhz/sponge/build
"t_send_close" start time: Sep 17 23:48 CST
Output:
----------------------------------------------------------
<end of output>
Test time =   0.02 sec
----------------------------------------------------------
Test Passed.
"t_send_close" end time: Sep 17 23:48 CST
"t_send_close" time elapsed: 00:00:00
----------------------------------------------------------

15/164 Testing: t_strm_reassem_cap
15/164 Test: t_strm_reassem_cap
Command: "/home/jhz/sponge/build/tests/fsm_stream_reassembler_cap"
Directory: /home/jhz/sponge/build
"t_strm_reassem_cap" start time: Sep 17 23:48 CST
Output:
----------------------------------------------------------
<end of output>
Test time =   0.00 sec
----------------------------------------------------------
Test Passed.
"t_strm_reassem_cap" end time: Sep 17 23:48 CST
"t_strm_reassem_cap" time elapsed: 00:00:00
----------------------------------------------------------

16/164 Testing: t_strm_reassem_single
16/164 Test: t_strm_reassem_single
Command: "/home/jhz/sponge/build/tests/fsm_stream_reassembler_single"
Directory: /home/jhz/sponge/build
"t_strm_reassem_single" start time: Sep 17 23:48 CST
Output:
----------------------------------------------------------
<end of output>
Test time =   0.00 sec
----------------------------------------------------------
Test Passed.
"t_strm_reassem_single" end time: Sep 17 23:48 CST
"t_strm_reassem_single" time elapsed: 00:00:00
----------------------------------------------------------

17/164 Testing: t_strm_reassem_seq
17/164 Test: t_strm_reassem_seq
Command: "/home/jhz/sponge/build/tests/fsm_stream_reassembler_seq"
Directory: /home/jhz/sponge/build
"t_strm_reassem_seq" start time: Sep 17 23:48 CST
Output:
----------------------------------------------------------
<end of output>
Test time =   0.00 sec
----------------------------------------------------------
Test Passed.
"t_strm_reassem_seq" end time: Sep 17 23:48 CST
"t_strm_reassem_seq" time elapsed: 00:00:00
----------------------------------------------------------

18/164 Testing: t_strm_reassem_dup
18/164 Test: t_strm_reassem_dup
Command: "/home/jhz/sponge/build/tests/fsm_stream_reassembler_dup"
Directory: /home/jhz/sponge/build
"t_strm_reassem_dup" start time: Sep 17 23:48 CST
Output:
----------------------------------------------------------
<end of output>
Test time =   0.03 sec
----------------------------------------------------------
Test Passed.
"t_strm_reassem_dup" end time: Sep 17 23:48 CST
"t_strm_reassem_dup" time elapsed: 00:00:00
----------------------------------------------------------

19/164 Testing: t_strm_reassem_holes
19/164 Test: t_strm_reassem_holes
Command: "/home/jhz/sponge/build/tests/fsm_stream_reassembler_holes"
Directory: /home/jhz/sponge/build
"t_strm_reassem_holes" start time: Sep 17 23:48 CST
Output:
----------------------------------------------------------
<end of output>
Test time =   0.00 sec
----------------------------------------------------------
Test Passed.
"t_strm_reassem_holes" end time: Sep 17 23:48 CST
"t_strm_reassem_holes" time elapsed: 00:00:00
----------------------------------------------------------

20/164 Testing: t_strm_reassem_many
20/164 Test: t_strm_reassem_many
Command: "/home/jhz/sponge/build/tests/fsm_stream_reassembler_many"
Directory: /home/jhz/sponge/build
"t_strm_reassem_many" start time: Sep 17 23:48 CST
Output:
----------------------------------------------------------
<end of output>
Test time =   1.65 sec
----------------------------------------------------------
Test Passed.
"t_strm_reassem_many" end time: Sep 17 23:48 CST
"t_strm_reassem_many" time elapsed: 00:00:01
----------------------------------------------------------

21/164 Testing: t_strm_reassem_overlapping
21/164 Test: t_strm_reassem_overlapping
Command: "/home/jhz/sponge/build/tests/fsm_stream_reassembler_overlapping"
Directory: /home/jhz/sponge/build
"t_strm_reassem_overlapping" start time: Sep 17 23:48 CST
Output:
----------------------------------------------------------
<end of output>
Test time =   0.00 sec
----------------------------------------------------------
Test Passed.
"t_strm_reassem_overlapping" end time: Sep 17 23:48 CST
"t_strm_reassem_overlapping" time elapsed: 00:00:00
----------------------------------------------------------

22/164 Testing: t_strm_reassem_win
22/164 Test: t_strm_reassem_win
Command: "/home/jhz/sponge/build/tests/fsm_stream_reassembler_win"
Directory: /home/jhz/sponge/build
"t_strm_reassem_win" start time: Sep 17 23:48 CST
Output:
----------------------------------------------------------
<end of output>
Test time =   1.70 sec
----------------------------------------------------------
Test Passed.
"t_strm_reassem_win" end time: Sep 17 23:48 CST
"t_strm_reassem_win" time elapsed: 00:00:01
----------------------------------------------------------

23/164 Testing: t_byte_stream_construction
23/164 Test: t_byte_stream_construction
Command: "/home/jhz/sponge/build/tests/byte_stream_construction"
Directory: /home/jhz/sponge/build
"t_byte_stream_construction" start time: Sep 17 23:48 CST
Output:
----------------------------------------------------------
<end of output>
Test time =   0.00 sec
----------------------------------------------------------
Test Passed.
"t_byte_stream_construction" end time: Sep 17 23:48 CST
"t_byte_stream_construction" time elapsed: 00:00:00
----------------------------------------------------------

24/164 Testing: t_byte_stream_one_write
24/164 Test: t_byte_stream_one_write
Command: "/home/jhz/sponge/build/tests/byte_stream_one_write"
Directory: /home/jhz/sponge/build
"t_byte_stream_one_write" start time: Sep 17 23:48 CST
Output:
----------------------------------------------------------
<end of output>
Test time =   0.00 sec
----------------------------------------------------------
Test Passed.
"t_byte_stream_one_write" end time: Sep 17 23:48 CST
"t_byte_stream_one_write" time elapsed: 00:00:00
----------------------------------------------------------

25/164 Testing: t_byte_stream_two_writes
25/164 Test: t_byte_stream_two_writes
Command: "/home/jhz/sponge/build/tests/byte_stream_two_writes"
Directory: /home/jhz/sponge/build
"t_byte_stream_two_writes" start time: Sep 17 23:48 CST
Output:
----------------------------------------------------------
<end of output>
Test time =   0.00 sec
----------------------------------------------------------
Test Passed.
"t_byte_stream_two_writes" end time: Sep 17 23:48 CST
"t_byte_stream_two_writes" time elapsed: 00:00:00
----------------------------------------------------------

26/164 Testing: t_byte_stream_capacity
26/164 Test: t_byte_stream_capacity
Command: "/home/jhz/sponge/build/tests/byte_stream_capacity"
Directory: /home/jhz/sponge/build
"t_byte_stream_capacity" start time: Sep 17 23:48 CST
Output:
----------------------------------------------------------
<end of output>
Test time =   0.00 sec
----------------------------------------------------------
Test Passed.
"t_byte_stream_capacity" end time: Sep 17 23:48 CST
"t_byte_stream_capacity" time elapsed: 00:00:00
----------------------------------------------------------

27/164 Testing: t_byte_stream_many_writes
27/164 Test: t_byte_stream_many_writes
Command: "/home/jhz/sponge/build/tests/byte_stream_many_writes"
Directory: /home/jhz/sponge/build
"t_byte_stream_many_writes" start time: Sep 17 23:48 CST
Output:
----------------------------------------------------------
<end of output>
Test time =   0.03 sec
----------------------------------------------------------
Test Passed.
"t_byte_stream_many_writes" end time: Sep 17 23:48 CST
"t_byte_stream_many_writes" time elapsed: 00:00:00
----------------------------------------------------------

28/164 Testing: t_webget
28/164 Test: t_webget
Command: "/home/jhz/sponge/tests/webget_t.sh"
Directory: /home/jhz/sponge/build
"t_webget" start time: Sep 17 23:48 CST
Output:
----------------------------------------------------------
HTTP/1.1 200 OK
Date: Tue, 17 Sep 2024 14:47:29 GMT
Server: Apache
Content-Length: 44
Connection: close
Content-Type: text/plain

QWx0NhMPkoM/bJr/ohvHXlviFhOyYrYb+qqdOnwLYo4
<end of output>
Test time =   0.44 sec
----------------------------------------------------------
Test Passed.
"t_webget" end time: Sep 17 23:48 CST
"t_webget" time elapsed: 00:00:00
----------------------------------------------------------

29/164 Testing: t_tcp_parser
29/164 Test: t_tcp_parser
Command: "/home/jhz/sponge/build/tests/tcp_parser" "/home/jhz/sponge/tests/ipv4_parser.data"
Directory: /home/jhz/sponge/build
"t_tcp_parser" start time: Sep 17 23:48 CST
Output:
----------------------------------------------------------
<end of output>
Test time =   0.03 sec
----------------------------------------------------------
Test Passed.
"t_tcp_parser" end time: Sep 17 23:48 CST
"t_tcp_parser" time elapsed: 00:00:00
----------------------------------------------------------

30/164 Testing: t_ipv4_parser
30/164 Test: t_ipv4_parser
Command: "/home/jhz/sponge/build/tests/ipv4_parser" "/home/jhz/sponge/tests/ipv4_parser.data"
Directory: /home/jhz/sponge/build
"t_ipv4_parser" start time: Sep 17 23:48 CST
Output:
----------------------------------------------------------
<end of output>
Test time =   0.03 sec
----------------------------------------------------------
Test Passed.
"t_ipv4_parser" end time: Sep 17 23:48 CST
"t_ipv4_parser" time elapsed: 00:00:00
----------------------------------------------------------

31/164 Testing: t_active_close
31/164 Test: t_active_close
Command: "/home/jhz/sponge/build/tests/fsm_active_close"
Directory: /home/jhz/sponge/build
"t_active_close" start time: Sep 17 23:48 CST
Output:
----------------------------------------------------------
<end of output>
Test time =   0.00 sec
----------------------------------------------------------
Test Passed.
"t_active_close" end time: Sep 17 23:48 CST
"t_active_close" time elapsed: 00:00:00
----------------------------------------------------------

32/164 Testing: t_passive_close
32/164 Test: t_passive_close
Command: "/home/jhz/sponge/build/tests/fsm_passive_close"
Directory: /home/jhz/sponge/build
"t_passive_close" start time: Sep 17 23:48 CST
Output:
----------------------------------------------------------
<end of output>
Test time =   0.00 sec
----------------------------------------------------------
Test Passed.
"t_passive_close" end time: Sep 17 23:48 CST
"t_passive_close" time elapsed: 00:00:00
----------------------------------------------------------

34/164 Testing: t_ack_rst
34/164 Test: t_ack_rst
Command: "/home/jhz/sponge/build/tests/fsm_ack_rst_relaxed"
Directory: /home/jhz/sponge/build
"t_ack_rst" start time: Sep 17 23:48 CST
Output:
----------------------------------------------------------
Test 1
Test 2
Test 3
Warning: Unclean shutdown of TCPConnection
Warning: Unclean shutdown of TCPConnection
Warning: Unclean shutdown of TCPConnection
Warning: Unclean shutdown of TCPConnection
Warning: Unclean shutdown of TCPConnection
Warning: Unclean shutdown of TCPConnection
Warning: Unclean shutdown of TCPConnection
Warning: Unclean shutdown of TCPConnection
Warning: Unclean shutdown of TCPConnection
Test 4
Test 5
Warning: Unclean shutdown of TCPConnection
Warning: Unclean shutdown of TCPConnection
<end of output>
Test time =   0.00 sec
----------------------------------------------------------
Test Passed.
"t_ack_rst" end time: Sep 17 23:48 CST
"t_ack_rst" time elapsed: 00:00:00
----------------------------------------------------------

36/164 Testing: t_ack_rst_win
36/164 Test: t_ack_rst_win
Command: "/home/jhz/sponge/build/tests/fsm_ack_rst_win_relaxed"
Directory: /home/jhz/sponge/build
"t_ack_rst_win" start time: Sep 17 23:48 CST
Output:
----------------------------------------------------------
<end of output>
Test time =   0.00 sec
----------------------------------------------------------
Test Passed.
"t_ack_rst_win" end time: Sep 17 23:48 CST
"t_ack_rst_win" time elapsed: 00:00:00
----------------------------------------------------------

38/164 Testing: t_connect
38/164 Test: t_connect
Command: "/home/jhz/sponge/build/tests/fsm_connect_relaxed"
Directory: /home/jhz/sponge/build
"t_connect" start time: Sep 17 23:48 CST
Output:
----------------------------------------------------------
Warning: Unclean shutdown of TCPConnection
Warning: Unclean shutdown of TCPConnection
Warning: Unclean shutdown of TCPConnection
<end of output>
Test time =   0.02 sec
----------------------------------------------------------
Test Passed.
"t_connect" end time: Sep 17 23:48 CST
"t_connect" time elapsed: 00:00:00
----------------------------------------------------------

40/164 Testing: t_listen
40/164 Test: t_listen
Command: "/home/jhz/sponge/build/tests/fsm_listen_relaxed"
Directory: /home/jhz/sponge/build
"t_listen" start time: Sep 17 23:48 CST
Output:
----------------------------------------------------------
Warning: Unclean shutdown of TCPConnection
<end of output>
Test time =   0.00 sec
----------------------------------------------------------
Test Passed.
"t_listen" end time: Sep 17 23:48 CST
"t_listen" time elapsed: 00:00:00
----------------------------------------------------------

41/164 Testing: t_winsize
41/164 Test: t_winsize
Command: "/home/jhz/sponge/build/tests/fsm_winsize"
Directory: /home/jhz/sponge/build
"t_winsize" start time: Sep 17 23:48 CST
Output:
----------------------------------------------------------
Warning: Unclean shutdown of TCPConnection
Warning: Unclean shutdown of TCPConnection
Warning: Unclean shutdown of TCPConnection
Warning: Unclean shutdown of TCPConnection
Warning: Unclean shutdown of TCPConnection
Warning: Unclean shutdown of TCPConnection
Warning: Unclean shutdown of TCPConnection
Warning: Unclean shutdown of TCPConnection
Warning: Unclean shutdown of TCPConnection
Warning: Unclean shutdown of TCPConnection
Warning: Unclean shutdown of TCPConnection
Warning: Unclean shutdown of TCPConnection
Warning: Unclean shutdown of TCPConnection
Warning: Unclean shutdown of TCPConnection
Warning: Unclean shutdown of TCPConnection
Warning: Unclean shutdown of TCPConnection
Warning: Unclean shutdown of TCPConnection
Warning: Unclean shutdown of TCPConnection
Warning: Unclean shutdown of TCPConnection
Warning: Unclean shutdown of TCPConnection
Warning: Unclean shutdown of TCPConnection
Warning: Unclean shutdown of TCPConnection
Warning: Unclean shutdown of TCPConnection
Warning: Unclean shutdown of TCPConnection
Warning: Unclean shutdown of TCPConnection
Warning: Unclean shutdown of TCPConnection
Warning: Unclean shutdown of TCPConnection
Warning: Unclean shutdown of TCPConnection
Warning: Unclean shutdown of TCPConnection
Warning: Unclean shutdown of TCPConnection
Warning: Unclean shutdown of TCPConnection
Warning: Unclean shutdown of TCPConnection
<end of output>
Test time =   0.05 sec
----------------------------------------------------------
Test Passed.
"t_winsize" end time: Sep 17 23:48 CST
"t_winsize" time elapsed: 00:00:00
----------------------------------------------------------

43/164 Testing: t_retx
43/164 Test: t_retx
Command: "/home/jhz/sponge/build/tests/fsm_retx_relaxed"
Directory: /home/jhz/sponge/build
"t_retx" start time: Sep 17 23:48 CST
Output:
----------------------------------------------------------
  check_segment
  check_segment
  check_segment
  check_segment
  check_segment
  check_segment
  check_segment
  check_segment
  check_segment
<end of output>
Test time =   0.02 sec
----------------------------------------------------------
Test Passed.
"t_retx" end time: Sep 17 23:48 CST
"t_retx" time elapsed: 00:00:00
----------------------------------------------------------

44/164 Testing: t_retx_win
44/164 Test: t_retx_win
Command: "/home/jhz/sponge/build/tests/fsm_retx_win"
Directory: /home/jhz/sponge/build
"t_retx_win" start time: Sep 17 23:48 CST
Output:
----------------------------------------------------------
  check_segment
  check_segment
  check_segment
  check_segment
Warning: Unclean shutdown of TCPConnection
  check_segment
  check_segment
  check_segment
  check_segment
Warning: Unclean shutdown of TCPConnection
  check_segment
  check_segment
  check_segment
  check_segment
Warning: Unclean shutdown of TCPConnection
  check_segment
  check_segment
  check_segment
  check_segment
Warning: Unclean shutdown of TCPConnection
  check_segment
  check_segment
  check_segment
  check_segment
  check_segment
Warning: Unclean shutdown of TCPConnection
  check_segment
  check_segment
  check_segment
  check_segment
  check_segment
  check_segment
Warning: Unclean shutdown of TCPConnection
  check_segment
  check_segment
  check_segment
  check_segment
  check_segment
  check_segment
  check_segment
Warning: Unclean shutdown of TCPConnection
  check_segment
  check_segment
  check_segment
  check_segment
  check_segment
  check_segment
  check_segment
  check_segment
Warning: Unclean shutdown of TCPConnection
  check_segment
  check_segment
  check_segment
  check_segment
  check_segment
  check_segment
  check_segment
  check_segment
  check_segment
Warning: Unclean shutdown of TCPConnection
  check_segment
  check_segment
  check_segment
  check_segment
  check_segment
  check_segment
  check_segment
  check_segment
  check_segment
  check_segment
Warning: Unclean shutdown of TCPConnection
<end of output>
Test time =   0.03 sec
----------------------------------------------------------
Test Passed.
"t_retx_win" end time: Sep 17 23:48 CST
"t_retx_win" time elapsed: 00:00:00
----------------------------------------------------------

45/164 Testing: t_loopback
45/164 Test: t_loopback
Command: "/home/jhz/sponge/build/tests/fsm_loopback"
Directory: /home/jhz/sponge/build
"t_loopback" start time: Sep 17 23:48 CST
Output:
----------------------------------------------------------
Warning: Unclean shutdown of TCPConnection
Warning: Unclean shutdown of TCPConnection
Warning: Unclean shutdown of TCPConnection
Warning: Unclean shutdown of TCPConnection
Warning: Unclean shutdown of TCPConnection
Warning: Unclean shutdown of TCPConnection
Warning: Unclean shutdown of TCPConnection
Warning: Unclean shutdown of TCPConnection
Warning: Unclean shutdown of TCPConnection
Warning: Unclean shutdown of TCPConnection
Warning: Unclean shutdown of TCPConnection
Warning: Unclean shutdown of TCPConnection
Warning: Unclean shutdown of TCPConnection
Warning: Unclean shutdown of TCPConnection
Warning: Unclean shutdown of TCPConnection
Warning: Unclean shutdown of TCPConnection
Warning: Unclean shutdown of TCPConnection
Warning: Unclean shutdown of TCPConnection
Warning: Unclean shutdown of TCPConnection
Warning: Unclean shutdown of TCPConnection
Warning: Unclean shutdown of TCPConnection
Warning: Unclean shutdown of TCPConnection
Warning: Unclean shutdown of TCPConnection
Warning: Unclean shutdown of TCPConnection
Warning: Unclean shutdown of TCPConnection
Warning: Unclean shutdown of TCPConnection
Warning: Unclean shutdown of TCPConnection
Warning: Unclean shutdown of TCPConnection
Warning: Unclean shutdown of TCPConnection
Warning: Unclean shutdown of TCPConnection
Warning: Unclean shutdown of TCPConnection
Warning: Unclean shutdown of TCPConnection
Warning: Unclean shutdown of TCPConnection
Warning: Unclean shutdown of TCPConnection
Warning: Unclean shutdown of TCPConnection
Warning: Unclean shutdown of TCPConnection
Warning: Unclean shutdown of TCPConnection
Warning: Unclean shutdown of TCPConnection
Warning: Unclean shutdown of TCPConnection
Warning: Unclean shutdown of TCPConnection
Warning: Unclean shutdown of TCPConnection
Warning: Unclean shutdown of TCPConnection
Warning: Unclean shutdown of TCPConnection
Warning: Unclean shutdown of TCPConnection
Warning: Unclean shutdown of TCPConnection
Warning: Unclean shutdown of TCPConnection
Warning: Unclean shutdown of TCPConnection
Warning: Unclean shutdown of TCPConnection
Warning: Unclean shutdown of TCPConnection
Warning: Unclean shutdown of TCPConnection
Warning: Unclean shutdown of TCPConnection
Warning: Unclean shutdown of TCPConnection
Warning: Unclean shutdown of TCPConnection
Warning: Unclean shutdown of TCPConnection
Warning: Unclean shutdown of TCPConnection
Warning: Unclean shutdown of TCPConnection
Warning: Unclean shutdown of TCPConnection
Warning: Unclean shutdown of TCPConnection
Warning: Unclean shutdown of TCPConnection
Warning: Unclean shutdown of TCPConnection
Warning: Unclean shutdown of TCPConnection
Warning: Unclean shutdown of TCPConnection
Warning: Unclean shutdown of TCPConnection
Warning: Unclean shutdown of TCPConnection
<end of output>
Test time =   1.28 sec
----------------------------------------------------------
Test Passed.
"t_loopback" end time: Sep 17 23:48 CST
"t_loopback" time elapsed: 00:00:01
----------------------------------------------------------

46/164 Testing: t_loopback_win
46/164 Test: t_loopback_win
Command: "/home/jhz/sponge/build/tests/fsm_loopback_win"
Directory: /home/jhz/sponge/build
"t_loopback_win" start time: Sep 17 23:48 CST
Output:
----------------------------------------------------------
Warning: Unclean shutdown of TCPConnection
Warning: Unclean shutdown of TCPConnection
Warning: Unclean shutdown of TCPConnection
Warning: Unclean shutdown of TCPConnection
Warning: Unclean shutdown of TCPConnection
Warning: Unclean shutdown of TCPConnection
Warning: Unclean shutdown of TCPConnection
Warning: Unclean shutdown of TCPConnection
Warning: Unclean shutdown of TCPConnection
Warning: Unclean shutdown of TCPConnection
Warning: Unclean shutdown of TCPConnection
Warning: Unclean shutdown of TCPConnection
Warning: Unclean shutdown of TCPConnection
Warning: Unclean shutdown of TCPConnection
Warning: Unclean shutdown of TCPConnection
Warning: Unclean shutdown of TCPConnection
Warning: Unclean shutdown of TCPConnection
Warning: Unclean shutdown of TCPConnection
Warning: Unclean shutdown of TCPConnection
Warning: Unclean shutdown of TCPConnection
Warning: Unclean shutdown of TCPConnection
Warning: Unclean shutdown of TCPConnection
Warning: Unclean shutdown of TCPConnection
Warning: Unclean shutdown of TCPConnection
Warning: Unclean shutdown of TCPConnection
Warning: Unclean shutdown of TCPConnection
Warning: Unclean shutdown of TCPConnection
Warning: Unclean shutdown of TCPConnection
Warning: Unclean shutdown of TCPConnection
Warning: Unclean shutdown of TCPConnection
Warning: Unclean shutdown of TCPConnection
Warning: Unclean shutdown of TCPConnection
<end of output>
Test time =   0.82 sec
----------------------------------------------------------
Test Passed.
"t_loopback_win" end time: Sep 17 23:48 CST
"t_loopback_win" time elapsed: 00:00:00
----------------------------------------------------------

47/164 Testing: t_reorder
47/164 Test: t_reorder
Command: "/home/jhz/sponge/build/tests/fsm_reorder"
Directory: /home/jhz/sponge/build
"t_reorder" start time: Sep 17 23:48 CST
Output:
----------------------------------------------------------
Warning: Unclean shutdown of TCPConnection
Warning: Unclean shutdown of TCPConnection
Warning: Unclean shutdown of TCPConnection
Warning: Unclean shutdown of TCPConnection
Warning: Unclean shutdown of TCPConnection
Warning: Unclean shutdown of TCPConnection
Warning: Unclean shutdown of TCPConnection
Warning: Unclean shutdown of TCPConnection
Warning: Unclean shutdown of TCPConnection
Warning: Unclean shutdown of TCPConnection
Warning: Unclean shutdown of TCPConnection
Warning: Unclean shutdown of TCPConnection
Warning: Unclean shutdown of TCPConnection
Warning: Unclean shutdown of TCPConnection
Warning: Unclean shutdown of TCPConnection
Warning: Unclean shutdown of TCPConnection
Warning: Unclean shutdown of TCPConnection
Warning: Unclean shutdown of TCPConnection
Warning: Unclean shutdown of TCPConnection
Warning: Unclean shutdown of TCPConnection
Warning: Unclean shutdown of TCPConnection
Warning: Unclean shutdown of TCPConnection
Warning: Unclean shutdown of TCPConnection
Warning: Unclean shutdown of TCPConnection
Warning: Unclean shutdown of TCPConnection
Warning: Unclean shutdown of TCPConnection
Warning: Unclean shutdown of TCPConnection
Warning: Unclean shutdown of TCPConnection
Warning: Unclean shutdown of TCPConnection
Warning: Unclean shutdown of TCPConnection
Warning: Unclean shutdown of TCPConnection
Warning: Unclean shutdown of TCPConnection
Warning: Unclean shutdown of TCPConnection
Warning: Unclean shutdown of TCPConnection
Warning: Unclean shutdown of TCPConnection
Warning: Unclean shutdown of TCPConnection
Warning: Unclean shutdown of TCPConnection
Warning: Unclean shutdown of TCPConnection
Warning: Unclean shutdown of TCPConnection
Warning: Unclean shutdown of TCPConnection
Warning: Unclean shutdown of TCPConnection
Warning: Unclean shutdown of TCPConnection
Warning: Unclean shutdown of TCPConnection
Warning: Unclean shutdown of TCPConnection
Warning: Unclean shutdown of TCPConnection
Warning: Unclean shutdown of TCPConnection
Warning: Unclean shutdown of TCPConnection
Warning: Unclean shutdown of TCPConnection
Warning: Unclean shutdown of TCPConnection
Warning: Unclean shutdown of TCPConnection
Warning: Unclean shutdown of TCPConnection
Warning: Unclean shutdown of TCPConnection
Warning: Unclean shutdown of TCPConnection
Warning: Unclean shutdown of TCPConnection
Warning: Unclean shutdown of TCPConnection
Warning: Unclean shutdown of TCPConnection
Warning: Unclean shutdown of TCPConnection
Warning: Unclean shutdown of TCPConnection
Warning: Unclean shutdown of TCPConnection
Warning: Unclean shutdown of TCPConnection
Warning: Unclean shutdown of TCPConnection
Warning: Unclean shutdown of TCPConnection
Warning: Unclean shutdown of TCPConnection
Warning: Unclean shutdown of TCPConnection
<end of output>
Test time =   1.74 sec
----------------------------------------------------------
Test Passed.
"t_reorder" end time: Sep 17 23:48 CST
"t_reorder" time elapsed: 00:00:01
----------------------------------------------------------

48/164 Testing: t_address_dt
48/164 Test: t_address_dt
Command: "/home/jhz/sponge/build/doctests/address_dt"
Directory: /home/jhz/sponge/build
"t_address_dt" start time: Sep 17 23:48 CST
Output:
----------------------------------------------------------
<end of output>
Test time =   0.02 sec
----------------------------------------------------------
Test Passed.
"t_address_dt" end time: Sep 17 23:48 CST
"t_address_dt" time elapsed: 00:00:00
----------------------------------------------------------

49/164 Testing: t_parser_dt
49/164 Test: t_parser_dt
Command: "/home/jhz/sponge/build/doctests/parser_dt"
Directory: /home/jhz/sponge/build
"t_parser_dt" start time: Sep 17 23:48 CST
Output:
----------------------------------------------------------
<end of output>
Test time =   0.00 sec
----------------------------------------------------------
Test Passed.
"t_parser_dt" end time: Sep 17 23:48 CST
"t_parser_dt" time elapsed: 00:00:00
----------------------------------------------------------

50/164 Testing: t_socket_dt
50/164 Test: t_socket_dt
Command: "/home/jhz/sponge/build/doctests/socket_dt"
Directory: /home/jhz/sponge/build
"t_socket_dt" start time: Sep 17 23:48 CST
Output:
----------------------------------------------------------
<end of output>
Test time =   0.01 sec
----------------------------------------------------------
Test Passed.
"t_socket_dt" end time: Sep 17 23:48 CST
"t_socket_dt" time elapsed: 00:00:00
----------------------------------------------------------

51/164 Testing: t_udp_client_send
51/164 Test: t_udp_client_send
Command: "/home/jhz/sponge/txrx.sh" "-ucS"
Directory: /home/jhz/sponge/build
"t_udp_client_send" start time: Sep 17 23:48 CST
Output:
----------------------------------------------------------
DEBUG: Listening for incoming connection... DEBUG: Connecting to 169.254.144.1:9728... done.
new connection from 169.254.144.1:36625.
DEBUG: Outbound stream to 169.254.144.1:36625 finished (1 byte still in flight).
DEBUG: Inbound stream from 169.254.144.1:9728 finished cleanly.
DEBUG: Outbound stream to 169.254.144.1:36625 has been fully acknowledged.
DEBUG: Outbound stream to 169.254.144.1:9728 finished (33 bytes still in flight).
DEBUG: Waiting for clean shutdown... DEBUG: Inbound stream from 169.254.144.1:36625 finished cleanly.
DEBUG: Waiting for lingering segments (e.g. retransmissions of FIN) from peer...
DEBUG: Outbound stream to 169.254.144.1:9728 has been fully acknowledged.
DEBUG: TCP connection finished cleanly.
done.
DEBUG: Waiting for clean shutdown... DEBUG: TCP connection finished cleanly.
done.
<end of output>
Test time =   0.28 sec
----------------------------------------------------------
Test Passed.
"t_udp_client_send" end time: Sep 17 23:48 CST
"t_udp_client_send" time elapsed: 00:00:00
----------------------------------------------------------

52/164 Testing: t_udp_server_send
52/164 Test: t_udp_server_send
Command: "/home/jhz/sponge/txrx.sh" "-usS"
Directory: /home/jhz/sponge/build
"t_udp_server_send" start time: Sep 17 23:48 CST
Output:
----------------------------------------------------------
DEBUG: Listening for incoming connection... DEBUG: Connecting to 169.254.144.1:32621... done.
new connection from 169.254.144.1:51055.
DEBUG: Outbound stream to 169.254.144.1:32621 finished (1 byte still in flight).
DEBUG: Inbound stream from 169.254.144.1:51055 finished cleanly.
DEBUG: Outbound stream to 169.254.144.1:32621 has been fully acknowledged.
DEBUG: Waiting for clean shutdown... DEBUG: Outbound stream to 169.254.144.1:51055 finished (33 bytes still in flight).
DEBUG: Inbound stream from 169.254.144.1:32621 finished cleanly.
DEBUG: Waiting for lingering segments (e.g. retransmissions of FIN) from peer...
DEBUG: Outbound stream to 169.254.144.1:51055 has been fully acknowledged.
DEBUG: TCP connection finished cleanly.
done.
DEBUG: Waiting for clean shutdown... DEBUG: TCP connection finished cleanly.
done.
<end of output>
Test time =   0.28 sec
----------------------------------------------------------
Test Passed.
"t_udp_server_send" end time: Sep 17 23:48 CST
"t_udp_server_send" time elapsed: 00:00:00
----------------------------------------------------------

53/164 Testing: t_udp_client_recv
53/164 Test: t_udp_client_recv
Command: "/home/jhz/sponge/txrx.sh" "-ucR"
Directory: /home/jhz/sponge/build
"t_udp_client_recv" start time: Sep 17 23:48 CST
Output:
----------------------------------------------------------
DEBUG: Listening for incoming connection... DEBUG: Connecting to 169.254.144.1:26210... done.
new connection from 169.254.144.1:38077.
DEBUG: Outbound stream to 169.254.144.1:26210 finished (1 byte still in flight).
DEBUG: Inbound stream from 169.254.144.1:38077 finished cleanly.
DEBUG: Outbound stream to 169.254.144.1:26210 has been fully acknowledged.
DEBUG: Waiting for clean shutdown... DEBUG: Outbound stream to 169.254.144.1:38077 finished (33 bytes still in flight).
DEBUG: Inbound stream from 169.254.144.1:26210 finished cleanly.
DEBUG: Waiting for lingering segments (e.g. retransmissions of FIN) from peer...
DEBUG: Outbound stream to 169.254.144.1:38077 has been fully acknowledged.
DEBUG: TCP connection finished cleanly.
done.
DEBUG: Waiting for clean shutdown... DEBUG: TCP connection finished cleanly.
done.
<end of output>
Test time =   0.28 sec
----------------------------------------------------------
Test Passed.
"t_udp_client_recv" end time: Sep 17 23:48 CST
"t_udp_client_recv" time elapsed: 00:00:00
----------------------------------------------------------

54/164 Testing: t_udp_server_recv
54/164 Test: t_udp_server_recv
Command: "/home/jhz/sponge/txrx.sh" "-usR"
Directory: /home/jhz/sponge/build
"t_udp_server_recv" start time: Sep 17 23:48 CST
Output:
----------------------------------------------------------
DEBUG: Listening for incoming connection... DEBUG: Connecting to 169.254.144.1:8995... done.
new connection from 169.254.144.1:54119.
DEBUG: Outbound stream to 169.254.144.1:54119 finished (1 byte still in flight).
DEBUG: Inbound stream from 169.254.144.1:8995 finished cleanly.
DEBUG: Outbound stream to 169.254.144.1:54119 has been fully acknowledged.
DEBUG: Outbound stream to 169.254.144.1:8995 finished (33 bytes still in flight).
DEBUG: Waiting for clean shutdown... DEBUG: Inbound stream from 169.254.144.1:54119 finished cleanly.
DEBUG: Waiting for lingering segments (e.g. retransmissions of FIN) from peer...
DEBUG: Outbound stream to 169.254.144.1:8995 has been fully acknowledged.
DEBUG: TCP connection finished cleanly.
DEBUG: Waiting for clean shutdown... done.
DEBUG: TCP connection finished cleanly.
done.
<end of output>
Test time =   0.28 sec
----------------------------------------------------------
Test Passed.
"t_udp_server_recv" end time: Sep 17 23:48 CST
"t_udp_server_recv" time elapsed: 00:00:00
----------------------------------------------------------

55/164 Testing: t_udp_client_dupl
55/164 Test: t_udp_client_dupl
Command: "/home/jhz/sponge/txrx.sh" "-ucD"
Directory: /home/jhz/sponge/build
"t_udp_client_dupl" start time: Sep 17 23:48 CST
Output:
----------------------------------------------------------
DEBUG: Listening for incoming connection... DEBUG: Connecting to 169.254.144.1:27509... done.
new connection from 169.254.144.1:50199.
DEBUG: Outbound stream to 169.254.144.1:27509 finished (33 bytes still in flight).
DEBUG: Inbound stream from 169.254.144.1:50199 finished cleanly.
DEBUG: Outbound stream to 169.254.144.1:50199 finished (33 bytesDEBUG: Outbound stream to  still in flight).
169.254.144.1:27509 has been fully acknowledged.
DEBUG: Waiting for clean shutdown... DEBUG: Inbound stream from 169.254.144.1:27509 finished cleanly.
DEBUG: Waiting for lingering segments (e.g. retransmissions of FIN) from peer...
DEBUG: Outbound stream to DEBUG: Waiting for clean shutdown... 169.254.144.1:50199 has been fully acknowledged.
DEBUG: TCP connection finished cleanly.
done.
DEBUG: TCP connection finished cleanly.
done.
<end of output>
Test time =   0.28 sec
----------------------------------------------------------
Test Passed.
"t_udp_client_dupl" end time: Sep 17 23:48 CST
"t_udp_client_dupl" time elapsed: 00:00:00
----------------------------------------------------------

56/164 Testing: t_udp_server_dupl
56/164 Test: t_udp_server_dupl
Command: "/home/jhz/sponge/txrx.sh" "-usD"
Directory: /home/jhz/sponge/build
"t_udp_server_dupl" start time: Sep 17 23:48 CST
Output:
----------------------------------------------------------
DEBUG: Listening for incoming connection... DEBUG: Connecting to 169.254.144.1:2973... done.
new connection from 169.254.144.1:40925.
DEBUG: Outbound stream to 169.254.144.1:2973 finished (33 bytes still in flight).
DEBUG: Inbound stream from 169.254.144.1:40925 finished cleanly.
DEBUG: Outbound stream to 169.254.144.1:40925 finished (33 bytesDEBUG: Outbound stream to  still in flight).
169.254.144.1:2973 has been fully acknowledged.
DEBUG: Inbound stream from 169.254.144.1:2973 finished cleanly.
DEBUG: Waiting for lingering segments (e.g. retransmissions of FIN) from peer...
DEBUG: Waiting for clean shutdown... DEBUG: Outbound stream to 169.254.144.1:40925 has been fully acknowledged.
DEBUG: TCP connection finished cleanly.
DEBUG: Waiting for clean shutdown... done.
DEBUG: TCP connection finished cleanly.
done.
<end of output>
Test time =   0.29 sec
----------------------------------------------------------
Test Passed.
"t_udp_server_dupl" end time: Sep 17 23:48 CST
"t_udp_server_dupl" time elapsed: 00:00:00
----------------------------------------------------------

57/164 Testing: t_ucS_1M_32k
57/164 Test: t_ucS_1M_32k
Command: "/home/jhz/sponge/txrx.sh" "-ucSd" "1M" "-w" "32K"
Directory: /home/jhz/sponge/build
"t_ucS_1M_32k" start time: Sep 17 23:48 CST
Output:
----------------------------------------------------------
DEBUG: Listening for incoming connection... DEBUG: Connecting to 169.254.144.1:28884... done.
new connection from 169.254.144.1:60455.
DEBUG: Outbound stream to 169.254.144.1:60455 finished (1 byte still in flight).
DEBUG: Inbound stream from 169.254.144.1:28884 finished cleanly.
DEBUG: Outbound stream to 169.254.144.1:60455 has been fully acknowledged.
DEBUG: Waiting for clean shutdown... DEBUG: Outbound stream to 169.254.144.1:28884 finished (29864 bytes still in flight).
DEBUG: Inbound stream from 169.254.144.1:60455 finished cleanly.
DEBUG: Waiting for lingering segments (e.g. retransmissions of FIN) from peer...
DEBUG: Outbound stream to 169.254.144.1:28884 has been fully acknowledged.
DEBUG: TCP connection finished cleanly.
DEBUG: Waiting for clean shutdown... done.
DEBUG: TCP connection finished cleanly.
done.
<end of output>
Test time =   0.63 sec
----------------------------------------------------------
Test Passed.
"t_ucS_1M_32k" end time: Sep 17 23:48 CST
"t_ucS_1M_32k" time elapsed: 00:00:00
----------------------------------------------------------

58/164 Testing: t_ucS_128K_8K
58/164 Test: t_ucS_128K_8K
Command: "/home/jhz/sponge/txrx.sh" "-ucSd" "128K" "-w" "8K"
Directory: /home/jhz/sponge/build
"t_ucS_128K_8K" start time: Sep 17 23:48 CST
Output:
----------------------------------------------------------
DEBUG: Listening for incoming connection... DEBUG: Connecting to 169.254.144.1:8317... done.
new connection from 169.254.144.1:53760.
DEBUG: Outbound stream to 169.254.144.1:53760 finished (1 byte still in flight).
DEBUG: Inbound stream from 169.254.144.1:8317 finished cleanly.
DEBUG: Outbound stream to 169.254.144.1:53760 has been fully acknowledged.
DEBUG: Waiting for clean shutdown... DEBUG: Outbound stream to 169.254.144.1:8317 finished (5288 bytes still in flight).
DEBUG: Inbound stream from 169.254.144.1:53760 finished cleanly.
DEBUG: Waiting for lingering segments (e.g. retransmissions of FIN) from peer...
DEBUG: Outbound stream to 169.254.144.1:8317 has been fully acknowledged.
DEBUG: TCP connection finished cleanly.
DEBUG: Waiting for clean shutdown... done.
DEBUG: TCP connection finished cleanly.
done.
<end of output>
Test time =   0.32 sec
----------------------------------------------------------
Test Passed.
"t_ucS_128K_8K" end time: Sep 17 23:48 CST
"t_ucS_128K_8K" time elapsed: 00:00:00
----------------------------------------------------------

59/164 Testing: t_ucS_16_1
59/164 Test: t_ucS_16_1
Command: "/home/jhz/sponge/txrx.sh" "-ucSd" "16" "-w" "1"
Directory: /home/jhz/sponge/build
"t_ucS_16_1" start time: Sep 17 23:48 CST
Output:
----------------------------------------------------------
DEBUG: Listening for incoming connection... DEBUG: Connecting to 169.254.144.1:14630... done.
new connection from 169.254.144.1:52868.
DEBUG: Outbound stream to 169.254.144.1:52868 finished (1 byte still in flight).
DEBUG: Inbound stream from 169.254.144.1:14630 finished cleanly.
DEBUG: Outbound stream to 169.254.144.1:52868 has been fully acknowledged.
DEBUG: Outbound stream to 169.254.144.1:14630 finished (1 byte still in flight).
DEBUG: Waiting for clean shutdown... DEBUG: Inbound stream from 169.254.144.1:52868 finished cleanly.
DEBUG: Waiting for lingering segments (e.g. retransmissions of FIN) from peer...
DEBUG: Outbound stream to 169.254.144.1:14630 has been fully acknowledged.
DEBUG: TCP connection finished cleanly.
DEBUG: Waiting for clean shutdown... done.
DEBUG: TCP connection finished cleanly.
done.
<end of output>
Test time =   0.28 sec
----------------------------------------------------------
Test Passed.
"t_ucS_16_1" end time: Sep 17 23:48 CST
"t_ucS_16_1" time elapsed: 00:00:00
----------------------------------------------------------

60/164 Testing: t_ucS_32K_d
60/164 Test: t_ucS_32K_d
Command: "/home/jhz/sponge/txrx.sh" "-ucSd" "32K"
Directory: /home/jhz/sponge/build
"t_ucS_32K_d" start time: Sep 17 23:48 CST
Output:
----------------------------------------------------------
DEBUG: Listening for incoming connection... DEBUG: Connecting to 169.254.144.1:16672... done.
new connection from 169.254.144.1:43347.
DEBUG: Outbound stream to 169.254.144.1:43347 finished (1 byte still in flight).
DEBUG: Inbound stream from 169.254.144.1:16672 finished cleanly.
DEBUG: Outbound stream to 169.254.144.1:43347 has been fully acknowledged.
DEBUG: Waiting for clean shutdown... DEBUG: Outbound stream to 169.254.144.1:16672 finished (32769 bytes still in flight).
DEBUG: Inbound stream from 169.254.144.1:43347 finished cleanly.
DEBUG: Waiting for lingering segments (e.g. retransmissions of FIN) from peer...
DEBUG: Outbound stream to 169.254.144.1:16672 has been fully acknowledged.
DEBUG: TCP connection finished cleanly.
DEBUG: Waiting for clean shutdown... done.
DEBUG: TCP connection finished cleanly.
done.
<end of output>
Test time =   0.29 sec
----------------------------------------------------------
Test Passed.
"t_ucS_32K_d" end time: Sep 17 23:48 CST
"t_ucS_32K_d" time elapsed: 00:00:00
----------------------------------------------------------

61/164 Testing: t_ucR_1M_32k
61/164 Test: t_ucR_1M_32k
Command: "/home/jhz/sponge/txrx.sh" "-ucRd" "1M" "-w" "32K"
Directory: /home/jhz/sponge/build
"t_ucR_1M_32k" start time: Sep 17 23:48 CST
Output:
----------------------------------------------------------
DEBUG: Listening for incoming connection... DEBUG: Connecting to 169.254.144.1:22345... done.
new connection from 169.254.144.1:57960.
DEBUG: Outbound stream to 169.254.144.1:22345 finished (1 byte still in flight).
DEBUG: Inbound stream from 169.254.144.1:57960 finished cleanly.
DEBUG: Outbound stream to 169.254.144.1:22345 has been fully acknowledged.
DEBUG: Waiting for clean shutdown... DEBUG: Outbound stream to 169.254.144.1:57960 finished (29864 bytes still in flight).
DEBUG: Inbound stream from 169.254.144.1:22345 finished cleanly.
DEBUG: Waiting for lingering segments (e.g. retransmissions of FIN) from peer...
DEBUG: Outbound stream to 169.254.144.1:57960 has been fully acknowledged.
DEBUG: TCP connection finished cleanly.
DEBUG: Waiting for clean shutdown... done.
DEBUG: TCP connection finished cleanly.
done.
<end of output>
Test time =   0.61 sec
----------------------------------------------------------
Test Passed.
"t_ucR_1M_32k" end time: Sep 17 23:48 CST
"t_ucR_1M_32k" time elapsed: 00:00:00
----------------------------------------------------------

62/164 Testing: t_ucR_128K_8K
62/164 Test: t_ucR_128K_8K
Command: "/home/jhz/sponge/txrx.sh" "-ucRd" "128K" "-w" "8K"
Directory: /home/jhz/sponge/build
"t_ucR_128K_8K" start time: Sep 17 23:48 CST
Output:
----------------------------------------------------------
DEBUG: Listening for incoming connection... DEBUG: Connecting to 169.254.144.1:26592... done.
new connection from 169.254.144.1:53366.
DEBUG: Outbound stream to 169.254.144.1:26592 finished (1 byte still in flight).
DEBUG: Inbound stream from 169.254.144.1:53366 finished cleanly.
DEBUG: Outbound stream to 169.254.144.1:26592 has been fully acknowledged.
DEBUG: Waiting for clean shutdown... DEBUG: Outbound stream to 169.254.144.1:53366 finished (5288 bytes still in flight).
DEBUG: Inbound stream from 169.254.144.1:26592 finished cleanly.
DEBUG: Waiting for lingering segments (e.g. retransmissions of FIN) from peer...
DEBUG: Outbound stream to 169.254.144.1:53366 has been fully acknowledged.
DEBUG: TCP connection finished cleanly.
DEBUG: Waiting for clean shutdown... done.
DEBUG: TCP connection finished cleanly.
done.
<end of output>
Test time =   0.32 sec
----------------------------------------------------------
Test Passed.
"t_ucR_128K_8K" end time: Sep 17 23:48 CST
"t_ucR_128K_8K" time elapsed: 00:00:00
----------------------------------------------------------

63/164 Testing: t_ucR_16_1
63/164 Test: t_ucR_16_1
Command: "/home/jhz/sponge/txrx.sh" "-ucRd" "16" "-w" "1"
Directory: /home/jhz/sponge/build
"t_ucR_16_1" start time: Sep 17 23:48 CST
Output:
----------------------------------------------------------
DEBUG: Listening for incoming connection... DEBUG: Connecting to 169.254.144.1:6884... done.
new connection from 169.254.144.1:58169.
DEBUG: Outbound stream to 169.254.144.1:6884 finished (1 byte still in flight).
DEBUG: Inbound stream from 169.254.144.1:58169 finished cleanly.
DEBUG: Outbound stream to 169.254.144.1:6884 has been fully acknowledged.
DEBUG: Waiting for clean shutdown... DEBUG: Outbound stream to 169.254.144.1:58169 finished (1 byte still in flight).
DEBUG: Inbound stream from 169.254.144.1:6884 finished cleanly.
DEBUG: Waiting for lingering segments (e.g. retransmissions of FIN) from peer...
DEBUG: Outbound stream to 169.254.144.1:58169 has been fully acknowledged.
DEBUG: TCP connection finished cleanly.
DEBUG: Waiting for clean shutdown... done.
DEBUG: TCP connection finished cleanly.
done.
<end of output>
Test time =   0.28 sec
----------------------------------------------------------
Test Passed.
"t_ucR_16_1" end time: Sep 17 23:48 CST
"t_ucR_16_1" time elapsed: 00:00:00
----------------------------------------------------------

64/164 Testing: t_ucR_32K_d
64/164 Test: t_ucR_32K_d
Command: "/home/jhz/sponge/txrx.sh" "-ucRd" "32K"
Directory: /home/jhz/sponge/build
"t_ucR_32K_d" start time: Sep 17 23:48 CST
Output:
----------------------------------------------------------
DEBUG: Listening for incoming connection... DEBUG: Connecting to 169.254.144.1:31362... done.
new connection from 169.254.144.1:34857.
DEBUG: Outbound stream to 169.254.144.1:31362 finished (1 byte still in flight).
DEBUG: Inbound stream from 169.254.144.1:34857 finished cleanly.
DEBUG: Outbound stream to 169.254.144.1:31362 has been fully acknowledged.
DEBUG: Waiting for clean shutdown... DEBUG: Outbound stream to 169.254.144.1:34857 finished (32769 bytes still in flight).
DEBUG: Inbound stream from 169.254.144.1:31362 finished cleanly.
DEBUG: Waiting for lingering segments (e.g. retransmissions of FIN) from peer...
DEBUG: Outbound stream to 169.254.144.1:34857 has been fully acknowledged.
DEBUG: TCP connection finished cleanly.
DEBUG: Waiting for clean shutdown... done.
DEBUG: TCP connection finished cleanly.
done.
<end of output>
Test time =   0.29 sec
----------------------------------------------------------
Test Passed.
"t_ucR_32K_d" end time: Sep 17 23:48 CST
"t_ucR_32K_d" time elapsed: 00:00:00
----------------------------------------------------------

65/164 Testing: t_ucD_1M_32k
65/164 Test: t_ucD_1M_32k
Command: "/home/jhz/sponge/txrx.sh" "-ucDd" "1M" "-w" "32K"
Directory: /home/jhz/sponge/build
"t_ucD_1M_32k" start time: Sep 17 23:48 CST
Output:
----------------------------------------------------------
DEBUG: Listening for incoming connection... DEBUG: Connecting to 169.254.144.1:25476... done.
new connection from 169.254.144.1:41414.
DEBUG: Outbound stream to 169.254.144.1:41414 finished (31316 bytes still in flight).
DEBUG: Outbound stream to 169.254.144.1:25476 finished (31316 bytes still in flight).
DEBUG: Inbound stream from 169.254.144.1:25476 finished cleanly.
DEBUG: Waiting for clean shutdown... DEBUG: Inbound stream from 169.254.144.1:41414 finished cleanly.
DEBUG: Outbound stream to 169.254.144.1:25476 has been fully acknowledged.
DEBUG: Outbound stream to 169.254.144.1:41414 has been fully acknowledged.
DEBUG: Waiting for clean shutdown... DEBUG: TCP connection finished cleanly.
done.
DEBUG: TCP connection finished cleanly.
done.
<end of output>
Test time =   0.70 sec
----------------------------------------------------------
Test Passed.
"t_ucD_1M_32k" end time: Sep 17 23:48 CST
"t_ucD_1M_32k" time elapsed: 00:00:00
----------------------------------------------------------

66/164 Testing: t_ucD_128K_8K
66/164 Test: t_ucD_128K_8K
Command: "/home/jhz/sponge/txrx.sh" "-ucDd" "128K" "-w" "8K"
Directory: /home/jhz/sponge/build
"t_ucD_128K_8K" start time: Sep 17 23:48 CST
Output:
----------------------------------------------------------
DEBUG: Listening for incoming connection... DEBUG: Connecting to 169.254.144.1:14108... done.
new connection from 169.254.144.1:37842.
DEBUG: Outbound stream to DEBUG: Outbound stream to 169.254.144.1:37842169.254.144.1:14108 finished ( finished (67406740 byte bytess still in flight).
 still in flight).
DEBUG: Inbound stream from 169.254.144.1:14108 finished DEBUG: Inbound stream from cleanly.
169.254.144.1:37842 finished cleanly.
DEBUG: Outbound stream to DEBUG: Waiting for clean shutdown... DEBUG: Outbound stream to 169.254.144.1:14108169.254.144.1:37842 has been fully acknowledged.
DEBUG: Waiting for clean shutdown...  has been fully acknowledged.
DEBUG: TCP connection finished cleanly.
DEBUG: TCP connection finished cleanly.
done.
done.
<end of output>
Test time =   0.33 sec
----------------------------------------------------------
Test Passed.
"t_ucD_128K_8K" end time: Sep 17 23:48 CST
"t_ucD_128K_8K" time elapsed: 00:00:00
----------------------------------------------------------

67/164 Testing: t_ucD_16_1
67/164 Test: t_ucD_16_1
Command: "/home/jhz/sponge/txrx.sh" "-ucDd" "16" "-w" "1"
Directory: /home/jhz/sponge/build
"t_ucD_16_1" start time: Sep 17 23:48 CST
Output:
----------------------------------------------------------
DEBUG: Listening for incoming connection... DEBUG: Connecting to 169.254.144.1:28065... done.
new connection from 169.254.144.1:51304.
DEBUG: Outbound stream to 169.254.144.1:28065 finished (1 byte still in flight).
DEBUG: Outbound stream to 169.254.144.1:51304 finished (1 byte still in flight).
DEBUG: Inbound stream from 169.254.144.1:51304 finished cleanly.
DEBUG: Waiting for clean shutdown... DEBUG: Outbound stream to 169.254.144.1:28065 has been fully acknowledged.
DEBUG: Inbound stream from 169.254.144.1:28065 finished cleanly.
DEBUG: Waiting for lingering segments (e.g. retransmissions of FIN) from peer...
DEBUG: Outbound stream to 169.254.144.1:51304 has been fully acknowledged.
DEBUG: Waiting for clean shutdown... DEBUG: TCP connection finished cleanly.
done.
DEBUG: TCP connection finished cleanly.
done.
<end of output>
Test time =   0.28 sec
----------------------------------------------------------
Test Passed.
"t_ucD_16_1" end time: Sep 17 23:48 CST
"t_ucD_16_1" time elapsed: 00:00:00
----------------------------------------------------------

68/164 Testing: t_ucD_32K_d
68/164 Test: t_ucD_32K_d
Command: "/home/jhz/sponge/txrx.sh" "-ucDd" "32K"
Directory: /home/jhz/sponge/build
"t_ucD_32K_d" start time: Sep 17 23:48 CST
Output:
----------------------------------------------------------
DEBUG: Listening for incoming connection... DEBUG: Connecting to 169.254.144.1:10784... done.
new connection from 169.254.144.1:41592.
DEBUG: Outbound stream to 169.254.144.1:10784 finished (32769 bytes still in flight).
DEBUG: Outbound stream to 169.254.144.1:41592 finished (32769 bytes still in flight).
DEBUG: Inbound stream from 169.254.144.1:41592 finished cleanly.
DEBUG: Waiting for clean shutdown... DEBUG: Inbound stream from 169.254.144.1:10784 finished cleanly.
DEBUG: Outbound stream to 169.254.144.1:41592 has been fully acknowledged.
DEBUG: Waiting for clean shutdown... DEBUG: Outbound stream to 169.254.144.1:10784 has been fully acknowledged.
DEBUG: TCP connection finished cleanly.
done.
DEBUG: TCP connection finished cleanly.
done.
<end of output>
Test time =   0.28 sec
----------------------------------------------------------
Test Passed.
"t_ucD_32K_d" end time: Sep 17 23:48 CST
"t_ucD_32K_d" time elapsed: 00:00:00
----------------------------------------------------------

69/164 Testing: t_usS_1M_32k
69/164 Test: t_usS_1M_32k
Command: "/home/jhz/sponge/txrx.sh" "-usSd" "1M" "-w" "32K"
Directory: /home/jhz/sponge/build
"t_usS_1M_32k" start time: Sep 17 23:48 CST
Output:
----------------------------------------------------------
DEBUG: Listening for incoming connection... DEBUG: Connecting to 169.254.144.1:2487... done.
new connection from 169.254.144.1:49130.
DEBUG: Outbound stream to 169.254.144.1:2487 finished (1 byte still in flight).
DEBUG: Inbound stream from 169.254.144.1:49130 finished cleanly.
DEBUG: Outbound stream to 169.254.144.1:2487 has been fully acknowledged.
DEBUG: Waiting for clean shutdown... DEBUG: Outbound stream to 169.254.144.1:49130 finished (29864 bytes still in flight).
DEBUG: Inbound stream from 169.254.144.1:2487 finished cleanly.
DEBUG: Waiting for lingering segments (e.g. retransmissions of FIN) from peer...
DEBUG: Outbound stream to 169.254.144.1:49130 has been fully acknowledged.
DEBUG: TCP connection finished cleanly.
DEBUG: Waiting for clean shutdown... done.
DEBUG: TCP connection finished cleanly.
done.
<end of output>
Test time =   0.52 sec
----------------------------------------------------------
Test Passed.
"t_usS_1M_32k" end time: Sep 17 23:48 CST
"t_usS_1M_32k" time elapsed: 00:00:00
----------------------------------------------------------

70/164 Testing: t_usS_128K_8K
70/164 Test: t_usS_128K_8K
Command: "/home/jhz/sponge/txrx.sh" "-usSd" "128K" "-w" "8K"
Directory: /home/jhz/sponge/build
"t_usS_128K_8K" start time: Sep 17 23:48 CST
Output:
----------------------------------------------------------
DEBUG: Listening for incoming connection... DEBUG: Connecting to 169.254.144.1:32022... done.
new connection from 169.254.144.1:54034.
DEBUG: Outbound stream to 169.254.144.1:32022 finished (1 byte still in flight).
DEBUG: Inbound stream from 169.254.144.1:54034 finished cleanly.
DEBUG: Outbound stream to 169.254.144.1:32022 has been fully acknowledged.
DEBUG: Waiting for clean shutdown... DEBUG: Outbound stream to 169.254.144.1:54034 finished (5288 bytes still in flight).
DEBUG: Inbound stream from 169.254.144.1:32022 finished cleanly.
DEBUG: Waiting for lingering segments (e.g. retransmissions of FIN) from peer...
DEBUG: Outbound stream to 169.254.144.1:54034 has been fully acknowledged.
DEBUG: TCP connection finished cleanly.
DEBUG: Waiting for clean shutdown... done.
DEBUG: TCP connection finished cleanly.
done.
<end of output>
Test time =   0.30 sec
----------------------------------------------------------
Test Passed.
"t_usS_128K_8K" end time: Sep 17 23:48 CST
"t_usS_128K_8K" time elapsed: 00:00:00
----------------------------------------------------------

71/164 Testing: t_usS_16_1
71/164 Test: t_usS_16_1
Command: "/home/jhz/sponge/txrx.sh" "-usSd" "16" "-w" "1"
Directory: /home/jhz/sponge/build
"t_usS_16_1" start time: Sep 17 23:48 CST
Output:
----------------------------------------------------------
DEBUG: Listening for incoming connection... DEBUG: Connecting to 169.254.144.1:16530... done.
new connection from 169.254.144.1:42560.
DEBUG: Outbound stream to 169.254.144.1:16530 finished (1 byte still in flight).
DEBUG: Inbound stream from 169.254.144.1:42560 finished cleanly.
DEBUG: Outbound stream to 169.254.144.1:16530 has been fully acknowledged.
DEBUG: Waiting for clean shutdown... DEBUG: Outbound stream to 169.254.144.1:42560 finished (1 byte still in flight).
DEBUG: Inbound stream from 169.254.144.1:16530 finished cleanly.
DEBUG: Waiting for lingering segments (e.g. retransmissions of FIN) from peer...
DEBUG: Outbound stream to 169.254.144.1:42560 has been fully acknowledged.
DEBUG: TCP connection finished cleanly.
done.
DEBUG: Waiting for clean shutdown... DEBUG: TCP connection finished cleanly.
done.
<end of output>
Test time =   0.27 sec
----------------------------------------------------------
Test Passed.
"t_usS_16_1" end time: Sep 17 23:48 CST
"t_usS_16_1" time elapsed: 00:00:00
----------------------------------------------------------

72/164 Testing: t_usS_32K_d
72/164 Test: t_usS_32K_d
Command: "/home/jhz/sponge/txrx.sh" "-usSd" "32K"
Directory: /home/jhz/sponge/build
"t_usS_32K_d" start time: Sep 17 23:48 CST
Output:
----------------------------------------------------------
DEBUG: Listening for incoming connection... DEBUG: Connecting to 169.254.144.1:16848... done.
new connection from 169.254.144.1:60205.
DEBUG: Outbound stream to 169.254.144.1:16848 finished (1 byte still in flight).
DEBUG: Inbound stream from 169.254.144.1:60205 finished cleanly.
DEBUG: Outbound stream to 169.254.144.1:16848 has been fully acknowledged.
DEBUG: Waiting for clean shutdown... DEBUG: Outbound stream to 169.254.144.1:60205 finished (32769 bytes still in flight).
DEBUG: Inbound stream from 169.254.144.1:16848 finished cleanly.
DEBUG: Waiting for lingering segments (e.g. retransmissions of FIN) from peer...
DEBUG: Outbound stream to 169.254.144.1:60205 has been fully acknowledged.
DEBUG: TCP connection finished cleanly.
DEBUG: Waiting for clean shutdown... done.
DEBUG: TCP connection finished cleanly.
done.
<end of output>
Test time =   0.29 sec
----------------------------------------------------------
Test Passed.
"t_usS_32K_d" end time: Sep 17 23:48 CST
"t_usS_32K_d" time elapsed: 00:00:00
----------------------------------------------------------

73/164 Testing: t_usR_1M_32k
73/164 Test: t_usR_1M_32k
Command: "/home/jhz/sponge/txrx.sh" "-usRd" "1M" "-w" "32K"
Directory: /home/jhz/sponge/build
"t_usR_1M_32k" start time: Sep 17 23:48 CST
Output:
----------------------------------------------------------
DEBUG: Listening for incoming connection... DEBUG: Connecting to 169.254.144.1:33120... done.
new connection from 169.254.144.1:41805.
DEBUG: Outbound stream to 169.254.144.1:41805 finished (1 byte still in flight).
DEBUG: Inbound stream from 169.254.144.1:33120 finished cleanly.
DEBUG: Outbound stream to 169.254.144.1:41805 has been fully acknowledged.
DEBUG: Waiting for clean shutdown... DEBUG: Outbound stream to 169.254.144.1:33120 finished (29864 bytes still in flight).
DEBUG: Inbound stream from 169.254.144.1:41805 finished cleanly.
DEBUG: Waiting for lingering segments (e.g. retransmissions of FIN) from peer...
DEBUG: Outbound stream to 169.254.144.1:33120 has been fully acknowledged.
DEBUG: TCP connection finished cleanly.
DEBUG: Waiting for clean shutdown... done.
DEBUG: TCP connection finished cleanly.
done.
<end of output>
Test time =   0.55 sec
----------------------------------------------------------
Test Passed.
"t_usR_1M_32k" end time: Sep 17 23:48 CST
"t_usR_1M_32k" time elapsed: 00:00:00
----------------------------------------------------------

74/164 Testing: t_usR_128K_8K
74/164 Test: t_usR_128K_8K
Command: "/home/jhz/sponge/txrx.sh" "-usRd" "128K" "-w" "8K"
Directory: /home/jhz/sponge/build
"t_usR_128K_8K" start time: Sep 17 23:48 CST
Output:
----------------------------------------------------------
DEBUG: Listening for incoming connection... DEBUG: Connecting to 169.254.144.1:31774... done.
new connection from 169.254.144.1:47641.
DEBUG: Outbound stream to 169.254.144.1:47641 finished (1 byte still in flight).
DEBUG: Inbound stream from 169.254.144.1:31774 finished cleanly.
DEBUG: Outbound stream to 169.254.144.1:47641 has been fully acknowledged.
DEBUG: Waiting for clean shutdown... DEBUG: Outbound stream to 169.254.144.1:31774 finished (5288 bytes still in flight).
DEBUG: Inbound stream from 169.254.144.1:47641 finished cleanly.
DEBUG: Waiting for lingering segments (e.g. retransmissions of FIN) from peer...
DEBUG: Outbound stream to 169.254.144.1:31774 has been fully acknowledged.
DEBUG: TCP connection finished cleanly.
DEBUG: Waiting for clean shutdown... done.
DEBUG: TCP connection finished cleanly.
done.
<end of output>
Test time =   0.31 sec
----------------------------------------------------------
Test Passed.
"t_usR_128K_8K" end time: Sep 17 23:48 CST
"t_usR_128K_8K" time elapsed: 00:00:00
----------------------------------------------------------

75/164 Testing: t_usR_16_1
75/164 Test: t_usR_16_1
Command: "/home/jhz/sponge/txrx.sh" "-usRd" "16" "-w" "1"
Directory: /home/jhz/sponge/build
"t_usR_16_1" start time: Sep 17 23:48 CST
Output:
----------------------------------------------------------
DEBUG: Listening for incoming connection... DEBUG: Connecting to 169.254.144.1:7510... done.
new connection from 169.254.144.1:55219.
DEBUG: Outbound stream to 169.254.144.1:55219 finished (1 byte still in flight).
DEBUG: Inbound stream from 169.254.144.1:7510 finished cleanly.
DEBUG: Outbound stream to 169.254.144.1:7510 finished (1 byte still in flight).
DEBUG: Outbound stream to 169.254.144.1:55219 has been fully acknowledged.
DEBUG: Waiting for clean shutdown... DEBUG: Inbound stream from 169.254.144.1:55219 finished cleanly.
DEBUG: Waiting for lingering segments (e.g. retransmissions of FIN) from peer...
DEBUG: Outbound stream to 169.254.144.1:7510 has been fully acknowledged.
DEBUG: TCP connection finished cleanly.
DEBUG: Waiting for clean shutdown... done.
DEBUG: TCP connection finished cleanly.
done.
<end of output>
Test time =   0.28 sec
----------------------------------------------------------
Test Passed.
"t_usR_16_1" end time: Sep 17 23:48 CST
"t_usR_16_1" time elapsed: 00:00:00
----------------------------------------------------------

76/164 Testing: t_usR_32K_d
76/164 Test: t_usR_32K_d
Command: "/home/jhz/sponge/txrx.sh" "-usRd" "32K"
Directory: /home/jhz/sponge/build
"t_usR_32K_d" start time: Sep 17 23:48 CST
Output:
----------------------------------------------------------
DEBUG: Listening for incoming connection... DEBUG: Connecting to 169.254.144.1:18481... done.
new connection from 169.254.144.1:38450.
DEBUG: Outbound stream to 169.254.144.1:38450 finished (1 byte still in flight).
DEBUG: Inbound stream from 169.254.144.1:18481 finished cleanly.
DEBUG: Outbound stream to 169.254.144.1:38450 has been fully acknowledged.
DEBUG: Waiting for clean shutdown... DEBUG: Outbound stream to 169.254.144.1:18481 finished (32769 bytes still in flight).
DEBUG: Inbound stream from 169.254.144.1:38450 finished cleanly.
DEBUG: Waiting for lingering segments (e.g. retransmissions of FIN) from peer...
DEBUG: Outbound stream to 169.254.144.1:18481 has been fully acknowledged.
DEBUG: TCP connection finished cleanly.
DEBUG: Waiting for clean shutdown... done.
DEBUG: TCP connection finished cleanly.
done.
<end of output>
Test time =   0.28 sec
----------------------------------------------------------
Test Passed.
"t_usR_32K_d" end time: Sep 17 23:48 CST
"t_usR_32K_d" time elapsed: 00:00:00
----------------------------------------------------------

77/164 Testing: t_usD_1M_32k
77/164 Test: t_usD_1M_32k
Command: "/home/jhz/sponge/txrx.sh" "-usDd" "1M" "-w" "32K"
Directory: /home/jhz/sponge/build
"t_usD_1M_32k" start time: Sep 17 23:48 CST
Output:
----------------------------------------------------------
DEBUG: Listening for incoming connection... DEBUG: Connecting to 169.254.144.1:26813... done.
new connection from 169.254.144.1:37430.
DEBUG: Outbound stream to 169.254.144.1:26813 finished (31316 bytes still in flight).
DEBUG: Outbound stream to 169.254.144.1:37430 finished (31316 bytes still in flight).
DEBUG: Inbound stream from 169.254.144.1:26813 finished cleanly.
DEBUG: Waiting for clean shutdown... DEBUG: Inbound stream from 169.254.144.1:37430 finished cleanly.
DEBUG: Outbound stream to 169.254.144.1:26813 has been fully acknowledged.
DEBUG: Waiting for clean shutdown... DEBUG: Outbound stream to 169.254.144.1:37430 has been fully acknowledged.
DEBUG: TCP connection finished cleanly.
done.
DEBUG: TCP connection finished cleanly.
done.
<end of output>
Test time =   0.57 sec
----------------------------------------------------------
Test Passed.
"t_usD_1M_32k" end time: Sep 17 23:48 CST
"t_usD_1M_32k" time elapsed: 00:00:00
----------------------------------------------------------

78/164 Testing: t_usD_128K_8K
78/164 Test: t_usD_128K_8K
Command: "/home/jhz/sponge/txrx.sh" "-usDd" "128K" "-w" "8K"
Directory: /home/jhz/sponge/build
"t_usD_128K_8K" start time: Sep 17 23:48 CST
Output:
----------------------------------------------------------
DEBUG: Listening for incoming connection... DEBUG: Connecting to 169.254.144.1:17702... done.
new connection from 169.254.144.1:33000.
DEBUG: Outbound stream to DEBUG: Outbound stream to 169.254.144.1:33000169.254.144.1:17702 finished ( finished (67406740 bytes byte still in flight).
s still in flight).
DEBUG: Inbound stream from 169.254.144.1:33000 finished cleanly.
DEBUG: Inbound stream from 169.254.144.1:17702 finished cleanly.
DEBUG: Outbound stream to DEBUG: Waiting for clean shutdown... 169.254.144.1:33000DEBUG: Outbound stream to  has been fully acknowledged.
169.254.144.1:17702 has been fully acknowledged.
DEBUG: Waiting for clean shutdown... DEBUG: TCP connection finished cleanly.
done.
DEBUG: TCP connection finished cleanly.
done.
<end of output>
Test time =   0.31 sec
----------------------------------------------------------
Test Passed.
"t_usD_128K_8K" end time: Sep 17 23:48 CST
"t_usD_128K_8K" time elapsed: 00:00:00
----------------------------------------------------------

79/164 Testing: t_usD_16_1
79/164 Test: t_usD_16_1
Command: "/home/jhz/sponge/txrx.sh" "-usDd" "16" "-w" "1"
Directory: /home/jhz/sponge/build
"t_usD_16_1" start time: Sep 17 23:48 CST
Output:
----------------------------------------------------------
DEBUG: Listening for incoming connection... DEBUG: Connecting to 169.254.144.1:20589... done.
new connection from 169.254.144.1:48320.
DEBUG: Outbound stream to 169.254.144.1:20589 finished (1 byte still in flight).
DEBUG: Outbound stream to 169.254.144.1:48320 finished (1 byte still in flight).
DEBUG: Inbound stream from 169.254.144.1:48320 finished cleanly.
DEBUG: Outbound stream to DEBUG: Waiting for clean shutdown... 169.254.144.1:20589 has been fully acknowledged.
DEBUG: Inbound stream from 169.254.144.1:20589 finished cleanly.
DEBUG: Waiting for lingering segments (e.g. retransmissions of FIN) from peer...
DEBUG: Outbound stream to 169.254.144.1:48320 has been fully acknowledged.
DEBUG: Waiting for clean shutdown... DEBUG: TCP connection finished cleanly.
done.
DEBUG: TCP connection finished cleanly.
done.
<end of output>
Test time =   0.28 sec
----------------------------------------------------------
Test Passed.
"t_usD_16_1" end time: Sep 17 23:48 CST
"t_usD_16_1" time elapsed: 00:00:00
----------------------------------------------------------

80/164 Testing: t_usD_32K_d
80/164 Test: t_usD_32K_d
Command: "/home/jhz/sponge/txrx.sh" "-usDd" "32K"
Directory: /home/jhz/sponge/build
"t_usD_32K_d" start time: Sep 17 23:48 CST
Output:
----------------------------------------------------------
DEBUG: Listening for incoming connection... DEBUG: Connecting to 169.254.144.1:30210... done.
new connection from 169.254.144.1:57075.
DEBUG: Outbound stream to 169.254.144.1:30210 finished (32769 bytes still in flight).
DEBUG: Outbound stream to 169.254.144.1:57075 finished (32769 bytes still in flight).
DEBUG: Inbound stream from 169.254.144.1:57075 finished cleanly.
DEBUG: Inbound stream from 169.254.144.1:30210 finished cleanly.
DEBUG: Waiting for clean shutdown... DEBUG: Waiting for clean shutdown... DEBUG: Outbound stream to 169.254.144.1:57075 has been fully acknowledged.
DEBUG: Outbound stream to 169.254.144.1:30210 has been fully acknowledged.
DEBUG: TCP connection finished cleanly.
done.
DEBUG: TCP connection finished cleanly.
done.
<end of output>
Test time =   0.28 sec
----------------------------------------------------------
Test Passed.
"t_usD_32K_d" end time: Sep 17 23:48 CST
"t_usD_32K_d" time elapsed: 00:00:00
----------------------------------------------------------

81/164 Testing: t_ucS_128K_8K_l
81/164 Test: t_ucS_128K_8K_l
Command: "/home/jhz/sponge/txrx.sh" "-ucSd" "128K" "-w" "8K" "-l" "0.1"
Directory: /home/jhz/sponge/build
"t_ucS_128K_8K_l" start time: Sep 17 23:48 CST
Output:
----------------------------------------------------------
DEBUG: Listening for incoming connection... DEBUG: Connecting to 169.254.144.1:5119... done.
new connection from 169.254.144.1:44556.
DEBUG: Outbound stream to 169.254.144.1:44556 finished (1 byte still in flight).
DEBUG: Inbound stream from 169.254.144.1:5119 finished cleanly.
DEBUG: Outbound stream to 169.254.144.1:44556 has been fully acknowledged.
DEBUG: Waiting for clean shutdown... DEBUG: Outbound stream to 169.254.144.1:5119 finished (5288 bytes still in flight).
DEBUG: Inbound stream from 169.254.144.1:44556 finished cleanly.
DEBUG: Waiting for lingering segments (e.g. retransmissions of FIN) from peer...
DEBUG: Outbound stream to 169.254.144.1:5119 has been fully acknowledged.
DEBUG: TCP connection finished cleanly.
DEBUG: Waiting for clean shutdown... done.
DEBUG: TCP connection finished cleanly.
done.
<end of output>
Test time =   0.31 sec
----------------------------------------------------------
Test Passed.
"t_ucS_128K_8K_l" end time: Sep 17 23:48 CST
"t_ucS_128K_8K_l" time elapsed: 00:00:00
----------------------------------------------------------

82/164 Testing: t_ucS_128K_8K_L
82/164 Test: t_ucS_128K_8K_L
Command: "/home/jhz/sponge/txrx.sh" "-ucSd" "128K" "-w" "8K" "-L" "0.1"
Directory: /home/jhz/sponge/build
"t_ucS_128K_8K_L" start time: Sep 17 23:48 CST
Output:
----------------------------------------------------------
DEBUG: Listening for incoming connection... DEBUG: Connecting to 169.254.144.1:31874... done.
new connection from 169.254.144.1:33676.
DEBUG: Outbound stream to 169.254.144.1:33676 finished (1 byte still in flight).
DEBUG: Inbound stream from 169.254.144.1:31874 finished cleanly.
DEBUG: Waiting for clean shutdown... DEBUG: Outbound stream to 169.254.144.1:33676 has been fully acknowledged.
DEBUG: Outbound stream to 169.254.144.1:31874 finished (6740 bytes still in flight).
DEBUG: Inbound stream from 169.254.144.1:33676 finished cleanly.
DEBUG: Waiting for lingering segments (e.g. retransmissions of FIN) from peer...
DEBUG: Outbound stream to 169.254.144.1:31874 has been fully acknowledged.
DEBUG: TCP connection finished cleanly.
DEBUG: Waiting for clean shutdown... done.
DEBUG: TCP connection finished cleanly.
done.
<end of output>
Test time =   0.39 sec
----------------------------------------------------------
Test Passed.
"t_ucS_128K_8K_L" end time: Sep 17 23:48 CST
"t_ucS_128K_8K_L" time elapsed: 00:00:00
----------------------------------------------------------

83/164 Testing: t_ucS_128K_8K_lL
83/164 Test: t_ucS_128K_8K_lL
Command: "/home/jhz/sponge/txrx.sh" "-ucSd" "128K" "-w" "8K" "-l" "0.1" "-L" "0.1"
Directory: /home/jhz/sponge/build
"t_ucS_128K_8K_lL" start time: Sep 17 23:48 CST
Output:
----------------------------------------------------------
DEBUG: Listening for incoming connection... DEBUG: Connecting to 169.254.144.1:20980... done.
new connection from 169.254.144.1:35753.
DEBUG: Outbound stream to 169.254.144.1:35753 finished (1 byte still in flight).
DEBUG: Inbound stream from 169.254.144.1:20980 finished cleanly.
DEBUG: Waiting for clean shutdown... DEBUG: Outbound stream to 169.254.144.1:35753 has been fully acknowledged.
DEBUG: Outbound stream to 169.254.144.1:20980 finished (5288 bytes still in flight).
DEBUG: Inbound stream from 169.254.144.1:35753 finished cleanly.
DEBUG: Waiting for lingering segments (e.g. retransmissions of FIN) from peer...
DEBUG: Outbound stream to 169.254.144.1:20980 has been fully acknowledged.
DEBUG: TCP connection finished cleanly.
done.
DEBUG: Waiting for clean shutdown... DEBUG: TCP connection finished cleanly.
done.
<end of output>
Test time =   0.54 sec
----------------------------------------------------------
Test Passed.
"t_ucS_128K_8K_lL" end time: Sep 17 23:48 CST
"t_ucS_128K_8K_lL" time elapsed: 00:00:00
----------------------------------------------------------

84/164 Testing: t_ucR_128K_8K_l
84/164 Test: t_ucR_128K_8K_l
Command: "/home/jhz/sponge/txrx.sh" "-ucRd" "128K" "-w" "8K" "-l" "0.1"
Directory: /home/jhz/sponge/build
"t_ucR_128K_8K_l" start time: Sep 17 23:48 CST
Output:
----------------------------------------------------------
DEBUG: Listening for incoming connection... DEBUG: Connecting to 169.254.144.1:15280... done.
new connection from 169.254.144.1:52990.
DEBUG: Outbound stream to 169.254.144.1:15280 finished (1 byte still in flight).
DEBUG: Inbound stream from 169.254.144.1:52990 finished cleanly.
DEBUG: Outbound stream to 169.254.144.1:15280 has been fully acknowledged.
DEBUG: Waiting for clean shutdown... DEBUG: Outbound stream to 169.254.144.1:52990 finished (5288 bytes still in flight).
DEBUG: Inbound stream from 169.254.144.1:15280 finished cleanly.
DEBUG: Waiting for lingering segments (e.g. retransmissions of FIN) from peer...
DEBUG: Outbound stream to 169.254.144.1:52990 has been fully acknowledged.
DEBUG: TCP connection finished cleanly.
done.
DEBUG: Waiting for clean shutdown... DEBUG: TCP connection finished cleanly.
done.
<end of output>
Test time =   0.48 sec
----------------------------------------------------------
Test Passed.
"t_ucR_128K_8K_l" end time: Sep 17 23:48 CST
"t_ucR_128K_8K_l" time elapsed: 00:00:00
----------------------------------------------------------

85/164 Testing: t_ucR_128K_8K_L
85/164 Test: t_ucR_128K_8K_L
Command: "/home/jhz/sponge/txrx.sh" "-ucRd" "128K" "-w" "8K" "-L" "0.1"
Directory: /home/jhz/sponge/build
"t_ucR_128K_8K_L" start time: Sep 17 23:48 CST
Output:
----------------------------------------------------------
DEBUG: Listening for incoming connection... DEBUG: Connecting to 169.254.144.1:1757... done.
new connection from 169.254.144.1:39717.
DEBUG: Outbound stream to 169.254.144.1:1757 finished (1 byte still in flight).
[...]
Test Failed.
"t_isR_128K_8K_lL" end time: Sep 17 23:54 CST
"t_isR_128K_8K_lL" time elapsed: 00:00:06
----------------------------------------------------------

144/164 Testing: t_isD_128K_8K_l
144/164 Test: t_isD_128K_8K_l
Command: "/home/jhz/sponge/txrx.sh" "-isDd" "128K" "-w" "8K" "-l" "0.1"
Directory: /home/jhz/sponge/build
"t_isD_128K_8K_l" start time: Sep 17 23:54 CST
Output:
----------------------------------------------------------
DEBUG: Listening for incoming connection... DEBUG: Connecting to 169.254.144.9:3149... done.
DEBUG: Inbound stream from 169.254.144.9:3149 finished with an error/reset.
DEBUG: TCP connection finished uncleanlyError in _rt_connect
<end of output>
Test time =   6.34 sec
----------------------------------------------------------
Test Failed.
"t_isD_128K_8K_l" end time: Sep 17 23:54 CST
"t_isD_128K_8K_l" time elapsed: 00:00:06
----------------------------------------------------------

145/164 Testing: t_isD_128K_8K_L
145/164 Test: t_isD_128K_8K_L
Command: "/home/jhz/sponge/txrx.sh" "-isDd" "128K" "-w" "8K" "-L" "0.1"
Directory: /home/jhz/sponge/build
"t_isD_128K_8K_L" start time: Sep 17 23:54 CST
Output:
----------------------------------------------------------
DEBUG: Listening for incoming connection... DEBUG: Connecting to 169.254.144.9:20236... done.
DEBUG: Inbound stream from 169.254.144.9:20236 finished with an error/reset.
DEBUG: TCP connection finished uncleanlyError in _rt_connect
<end of output>
Test time =   6.34 sec
----------------------------------------------------------
Test Failed.
"t_isD_128K_8K_L" end time: Sep 17 23:54 CST
"t_isD_128K_8K_L" time elapsed: 00:00:06
----------------------------------------------------------

146/164 Testing: t_isD_128K_8K_lL
146/164 Test: t_isD_128K_8K_lL
Command: "/home/jhz/sponge/txrx.sh" "-isDd" "128K" "-w" "8K" "-l" "0.1" "-L" "0.1"
Directory: /home/jhz/sponge/build
"t_isD_128K_8K_lL" start time: Sep 17 23:54 CST
Output:
----------------------------------------------------------
DEBUG: Listening for incoming connection... DEBUG: Connecting to 169.254.144.9:1836... done.
DEBUG: Inbound stream from 169.254.144.9:1836 finished with an error/reset.
DEBUG: TCP connection finished uncleanlyError in _rt_connect
<end of output>
Test time =   6.33 sec
----------------------------------------------------------
Test Failed.
"t_isD_128K_8K_lL" end time: Sep 17 23:55 CST
"t_isD_128K_8K_lL" time elapsed: 00:00:06
----------------------------------------------------------

147/164 Testing: t_icnS_128K_8K_l
147/164 Test: t_icnS_128K_8K_l
Command: "/home/jhz/sponge/txrx.sh" "-icSnd" "128K" "-w" "8K" "-l" "0.1"
Directory: /home/jhz/sponge/build
"t_icnS_128K_8K_l" start time: Sep 17 23:55 CST
Output:
----------------------------------------------------------
DEBUG: Connecting to 169.254.144.1:24878... done.
DEBUG: Inbound stream from 169.254.144.1:24878 finished cleanly.
DEBUG: Waiting for clean shutdown... DEBUG: Outbound stream to 169.254.144.1:24878 finished (36300 bytes still in flight).
DEBUG: Outbound stream to 169.254.144.1:24878 has been fully acknowledged.
DEBUG: TCP connection finished cleanly.
done.
<end of output>
Test time =   0.16 sec
----------------------------------------------------------
Test Passed.
"t_icnS_128K_8K_l" end time: Sep 17 23:55 CST
"t_icnS_128K_8K_l" time elapsed: 00:00:00
----------------------------------------------------------

148/164 Testing: t_icnS_128K_8K_L
148/164 Test: t_icnS_128K_8K_L
Command: "/home/jhz/sponge/txrx.sh" "-icSnd" "128K" "-w" "8K" "-L" "0.1"
Directory: /home/jhz/sponge/build
"t_icnS_128K_8K_L" start time: Sep 17 23:55 CST
Output:
----------------------------------------------------------
DEBUG: Connecting to 169.254.144.1:3321... done.
DEBUG: Inbound stream from 169.254.144.1:3321 finished cleanly.
DEBUG: Waiting for clean shutdown... DEBUG: Outbound stream to 169.254.144.1:3321 finished (30668 bytes still in flight).
DEBUG: Outbound stream to 169.254.144.1:3321 has been fully acknowledged.
DEBUG: TCP connection finished cleanly.
done.
<end of output>
Test time =   0.26 sec
----------------------------------------------------------
Test Passed.
"t_icnS_128K_8K_L" end time: Sep 17 23:55 CST
"t_icnS_128K_8K_L" time elapsed: 00:00:00
----------------------------------------------------------

149/164 Testing: t_icnS_128K_8K_lL
149/164 Test: t_icnS_128K_8K_lL
Command: "/home/jhz/sponge/txrx.sh" "-icSnd" "128K" "-w" "8K" "-l" "0.1" "-L" "0.1"
Directory: /home/jhz/sponge/build
"t_icnS_128K_8K_lL" start time: Sep 17 23:55 CST
Output:
----------------------------------------------------------
DEBUG: Connecting to 169.254.144.1:7728... done.
DEBUG: Inbound stream from 169.254.144.1:7728 finished cleanly.
DEBUG: Waiting for clean shutdown... DEBUG: Outbound stream to 169.254.144.1:7728 finished (30668 bytes still in flight).
DEBUG: Outbound stream to 169.254.144.1:7728 has been fully acknowledged.
DEBUG: TCP connection finished cleanly.
done.
<end of output>
Test time =   0.30 sec
----------------------------------------------------------
Test Passed.
"t_icnS_128K_8K_lL" end time: Sep 17 23:55 CST
"t_icnS_128K_8K_lL" time elapsed: 00:00:00
----------------------------------------------------------

150/164 Testing: t_icnR_128K_8K_l
150/164 Test: t_icnR_128K_8K_l
Command: "/home/jhz/sponge/txrx.sh" "-icRnd" "128K" "-w" "8K" "-l" "0.1"
Directory: /home/jhz/sponge/build
"t_icnR_128K_8K_l" start time: Sep 17 23:55 CST
Output:
----------------------------------------------------------
DEBUG: Connecting to 169.254.144.1:12540... done.
DEBUG: Outbound stream to 169.254.144.1:12540 finished (1 byte still in flight).
DEBUG: Outbound stream to 169.254.144.1:12540 has been fully acknowledged.
DEBUG: Inbound stream from 169.254.144.1:12540 finished cleanly.
DEBUG: Waiting for lingering segments (e.g. retransmissions of FIN) from peer...
DEBUG: Waiting for clean shutdown... DEBUG: TCP connection finished cleanly.
done.
<end of output>
Test time =   0.60 sec
----------------------------------------------------------
Test Passed.
"t_icnR_128K_8K_l" end time: Sep 17 23:55 CST
"t_icnR_128K_8K_l" time elapsed: 00:00:00
----------------------------------------------------------

151/164 Testing: t_icnR_128K_8K_L
151/164 Test: t_icnR_128K_8K_L
Command: "/home/jhz/sponge/txrx.sh" "-icRnd" "128K" "-w" "8K" "-L" "0.1"
Directory: /home/jhz/sponge/build
"t_icnR_128K_8K_L" start time: Sep 17 23:55 CST
Output:
----------------------------------------------------------
DEBUG: Connecting to 169.254.144.1:18575... done.
DEBUG: Outbound stream to 169.254.144.1:18575 finished (1 byte still in flight).
DEBUG: Outbound stream to 169.254.144.1:18575 has been fully acknowledged.
DEBUG: Inbound stream from 169.254.144.1:18575 finished cleanly.
DEBUG: Waiting for lingering segments (e.g. retransmissions of FIN) from peer...
DEBUG: Waiting for clean shutdown... DEBUG: TCP connection finished cleanly.
done.
<end of output>
Test time =   0.31 sec
----------------------------------------------------------
Test Passed.
"t_icnR_128K_8K_L" end time: Sep 17 23:55 CST
"t_icnR_128K_8K_L" time elapsed: 00:00:00
----------------------------------------------------------

152/164 Testing: t_icnR_128K_8K_lL
152/164 Test: t_icnR_128K_8K_lL
Command: "/home/jhz/sponge/txrx.sh" "-icRnd" "128K" "-w" "8K" "-l" "0.1" "-L" "0.1"
Directory: /home/jhz/sponge/build
"t_icnR_128K_8K_lL" start time: Sep 17 23:55 CST
Output:
----------------------------------------------------------
DEBUG: Connecting to 169.254.144.1:12251... done.
DEBUG: Outbound stream to 169.254.144.1:12251 finished (1 byte still in flight).
DEBUG: Outbound stream to 169.254.144.1:12251 has been fully acknowledged.
DEBUG: Inbound stream from 169.254.144.1:12251 finished cleanly.
DEBUG: Waiting for lingering segments (e.g. retransmissions of FIN) from peer...
DEBUG: Waiting for clean shutdown... DEBUG: TCP connection finished cleanly.
done.
<end of output>
Test time =   0.97 sec
----------------------------------------------------------
Test Passed.
"t_icnR_128K_8K_lL" end time: Sep 17 23:55 CST
"t_icnR_128K_8K_lL" time elapsed: 00:00:00
----------------------------------------------------------

153/164 Testing: t_icnD_128K_8K_l
153/164 Test: t_icnD_128K_8K_l
Command: "/home/jhz/sponge/txrx.sh" "-icDnd" "128K" "-w" "8K" "-l" "0.1"
Directory: /home/jhz/sponge/build
"t_icnD_128K_8K_l" start time: Sep 17 23:55 CST
Output:
----------------------------------------------------------
DEBUG: Connecting to 169.254.144.1:10768... done.
DEBUG: Outbound stream to 169.254.144.1:10768 finished (45012 bytes still in flight).
DEBUG: Outbound stream to 169.254.144.1:10768 has been fully acknowledged.
DEBUG: Inbound stream from 169.254.144.1:10768 finished cleanly.
DEBUG: Waiting for lingering segments (e.g. retransmissions of FIN) from peer...
DEBUG: Waiting for clean shutdown... DEBUG: TCP connection finished cleanly.
done.
<end of output>
Test time =   0.60 sec
----------------------------------------------------------
Test Passed.
"t_icnD_128K_8K_l" end time: Sep 17 23:55 CST
"t_icnD_128K_8K_l" time elapsed: 00:00:00
----------------------------------------------------------

154/164 Testing: t_icnD_128K_8K_L
154/164 Test: t_icnD_128K_8K_L
Command: "/home/jhz/sponge/txrx.sh" "-icDnd" "128K" "-w" "8K" "-L" "0.1"
Directory: /home/jhz/sponge/build
"t_icnD_128K_8K_L" start time: Sep 17 23:55 CST
Output:
----------------------------------------------------------
DEBUG: Connecting to 169.254.144.1:2546... done.
DEBUG: Outbound stream to 169.254.144.1:2546 finished (30668 bytes still in flight).
DEBUG: Inbound stream from 169.254.144.1:2546 finished cleanly.
DEBUG: Waiting for clean shutdown... DEBUG: Outbound stream to 169.254.144.1:2546 has been fully acknowledged.
DEBUG: TCP connection finished cleanly.
done.
<end of output>
Test time =   0.25 sec
----------------------------------------------------------
Test Passed.
"t_icnD_128K_8K_L" end time: Sep 17 23:55 CST
"t_icnD_128K_8K_L" time elapsed: 00:00:00
----------------------------------------------------------

155/164 Testing: t_icnD_128K_8K_lL
155/164 Test: t_icnD_128K_8K_lL
Command: "/home/jhz/sponge/txrx.sh" "-icDnd" "128K" "-w" "8K" "-l" "0.1" "-L" "0.1"
Directory: /home/jhz/sponge/build
"t_icnD_128K_8K_lL" start time: Sep 17 23:55 CST
Output:
----------------------------------------------------------
DEBUG: Connecting to 169.254.144.1:31989... done.
DEBUG: Outbound stream to 169.254.144.1:31989 finished (30492 bytes still in flight).
DEBUG: Outbound stream to 169.254.144.1:31989 has been fully acknowledged.
DEBUG: Inbound stream from 169.254.144.1:31989 finished cleanly.
DEBUG: Waiting for lingering segments (e.g. retransmissions of FIN) from peer...
DEBUG: TCP connection finished uncleanlyDEBUG: Waiting for clean shutdown... done.
<end of output>
Test time =   1.00 sec
----------------------------------------------------------
Test Passed.
"t_icnD_128K_8K_lL" end time: Sep 17 23:55 CST
"t_icnD_128K_8K_lL" time elapsed: 00:00:01
----------------------------------------------------------

156/164 Testing: t_isnS_128K_8K_l
156/164 Test: t_isnS_128K_8K_l
Command: "/home/jhz/sponge/txrx.sh" "-isSnd" "128K" "-w" "8K" "-l" "0.1"
Directory: /home/jhz/sponge/build
"t_isnS_128K_8K_l" start time: Sep 17 23:55 CST
Output:
----------------------------------------------------------
DEBUG: Listening for incoming connection... new connection from 169.254.144.1:47466.
DEBUG: Inbound stream from 169.254.144.1:47466 finished cleanly.
DEBUG: Waiting for clean shutdown... DEBUG: Outbound stream to 169.254.144.1:47466 finished (30668 bytes still in flight).
DEBUG: Outbound stream to 169.254.144.1:47466 has been fully acknowledged.
DEBUG: TCP connection finished cleanly.
done.
<end of output>
Test time =   0.15 sec
----------------------------------------------------------
Test Passed.
"t_isnS_128K_8K_l" end time: Sep 17 23:55 CST
"t_isnS_128K_8K_l" time elapsed: 00:00:00
----------------------------------------------------------

157/164 Testing: t_isnS_128K_8K_L
157/164 Test: t_isnS_128K_8K_L
Command: "/home/jhz/sponge/txrx.sh" "-isSnd" "128K" "-w" "8K" "-L" "0.1"
Directory: /home/jhz/sponge/build
"t_isnS_128K_8K_L" start time: Sep 17 23:55 CST
Output:
----------------------------------------------------------
DEBUG: Listening for incoming connection... new connection from 169.254.144.1:41568.
DEBUG: Inbound stream from 169.254.144.1:41568 finished cleanly.
DEBUG: Waiting for clean shutdown... DEBUG: Outbound stream to 169.254.144.1:41568 finished (30668 bytes still in flight).
DEBUG: Outbound stream to 169.254.144.1:41568 has been fully acknowledged.
DEBUG: TCP connection finished cleanly.
done.
<end of output>
Test time =   0.25 sec
----------------------------------------------------------
Test Passed.
"t_isnS_128K_8K_L" end time: Sep 17 23:55 CST
"t_isnS_128K_8K_L" time elapsed: 00:00:00
----------------------------------------------------------

158/164 Testing: t_isnS_128K_8K_lL
158/164 Test: t_isnS_128K_8K_lL
Command: "/home/jhz/sponge/txrx.sh" "-isSnd" "128K" "-w" "8K" "-l" "0.1" "-L" "0.1"
Directory: /home/jhz/sponge/build
"t_isnS_128K_8K_lL" start time: Sep 17 23:55 CST
Output:
----------------------------------------------------------
DEBUG: Listening for incoming connection... new connection from 169.254.144.1:43604.
DEBUG: Inbound stream from 169.254.144.1:43604 finished cleanly.
DEBUG: Waiting for clean shutdown... DEBUG: Outbound stream to 169.254.144.1:43604 finished (30668 bytes still in flight).
DEBUG: Outbound stream to 169.254.144.1:43604 has been fully acknowledged.
DEBUG: TCP connection finished cleanly.
done.
<end of output>
Test time =   1.19 sec
----------------------------------------------------------
Test Passed.
"t_isnS_128K_8K_lL" end time: Sep 17 23:55 CST
"t_isnS_128K_8K_lL" time elapsed: 00:00:01
----------------------------------------------------------

159/164 Testing: t_isnR_128K_8K_l
159/164 Test: t_isnR_128K_8K_l
Command: "/home/jhz/sponge/txrx.sh" "-isRnd" "128K" "-w" "8K" "-l" "0.1"
Directory: /home/jhz/sponge/build
"t_isnR_128K_8K_l" start time: Sep 17 23:55 CST
Output:
----------------------------------------------------------
DEBUG: Listening for incoming connection... new connection from 169.254.144.1:39214.
DEBUG: Outbound stream to 169.254.144.1:39214 finished (1 byte still in flight).
DEBUG: Outbound stream to 169.254.144.1:39214 has been fully acknowledged.
DEBUG: Inbound stream from 169.254.144.1:39214 finished cleanly.
DEBUG: Waiting for lingering segments (e.g. retransmissions of FIN) from peer...
DEBUG: Waiting for clean shutdown... DEBUG: TCP connection finished cleanly.
done.
<end of output>
Test time =   0.45 sec
----------------------------------------------------------
Test Passed.
"t_isnR_128K_8K_l" end time: Sep 17 23:55 CST
"t_isnR_128K_8K_l" time elapsed: 00:00:00
----------------------------------------------------------

160/164 Testing: t_isnR_128K_8K_L
160/164 Test: t_isnR_128K_8K_L
Command: "/home/jhz/sponge/txrx.sh" "-isRnd" "128K" "-w" "8K" "-L" "0.1"
Directory: /home/jhz/sponge/build
"t_isnR_128K_8K_L" start time: Sep 17 23:55 CST
Output:
----------------------------------------------------------
DEBUG: Listening for incoming connection... new connection from 169.254.144.1:37444.
DEBUG: Outbound stream to 169.254.144.1:37444 finished (1 byte still in flight).
DEBUG: Outbound stream to 169.254.144.1:37444 has been fully acknowledged.
DEBUG: Inbound stream from 169.254.144.1:37444 finished cleanly.
DEBUG: Waiting for lingering segments (e.g. retransmissions of FIN) from peer...
DEBUG: Waiting for clean shutdown... DEBUG: TCP connection finished cleanly.
done.
<end of output>
Test time =   0.29 sec
----------------------------------------------------------
Test Passed.
"t_isnR_128K_8K_L" end time: Sep 17 23:55 CST
"t_isnR_128K_8K_L" time elapsed: 00:00:00
----------------------------------------------------------

161/164 Testing: t_isnR_128K_8K_lL
161/164 Test: t_isnR_128K_8K_lL
Command: "/home/jhz/sponge/txrx.sh" "-isRnd" "128K" "-w" "8K" "-l" "0.1" "-L" "0.1"
Directory: /home/jhz/sponge/build
"t_isnR_128K_8K_lL" start time: Sep 17 23:55 CST
Output:
----------------------------------------------------------
DEBUG: Listening for incoming connection... new connection from 169.254.144.1:35110.
DEBUG: Outbound stream to 169.254.144.1:35110 finished (1 byte still in flight).
DEBUG: Outbound stream to 169.254.144.1:35110 has been fully acknowledged.
DEBUG: Inbound stream from 169.254.144.1:35110 finished cleanly.
DEBUG: Waiting for lingering segments (e.g. retransmissions of FIN) from peer...
DEBUG: Waiting for clean shutdown... DEBUG: TCP connection finished cleanly.
done.
<end of output>
Test time =   0.41 sec
----------------------------------------------------------
Test Passed.
"t_isnR_128K_8K_lL" end time: Sep 17 23:55 CST
"t_isnR_128K_8K_lL" time elapsed: 00:00:00
----------------------------------------------------------

162/164 Testing: t_isnD_128K_8K_l
162/164 Test: t_isnD_128K_8K_l
Command: "/home/jhz/sponge/txrx.sh" "-isDnd" "128K" "-w" "8K" "-l" "0.1"
Directory: /home/jhz/sponge/build
"t_isnD_128K_8K_l" start time: Sep 17 23:55 CST
Output:
----------------------------------------------------------
DEBUG: Listening for incoming connection... new connection from 169.254.144.1:37992.
DEBUG: Outbound stream to 169.254.144.1:37992 finished (42108 bytes still in flight).
DEBUG: Outbound stream to 169.254.144.1:37992 has been fully acknowledged.
DEBUG: Inbound stream from 169.254.144.1:37992 finished cleanly.
DEBUG: Waiting for lingering segments (e.g. retransmissions of FIN) from peer...
DEBUG: Waiting for clean shutdown... DEBUG: TCP connection finished cleanly.
done.
<end of output>
Test time =   0.47 sec
----------------------------------------------------------
Test Passed.
"t_isnD_128K_8K_l" end time: Sep 17 23:55 CST
"t_isnD_128K_8K_l" time elapsed: 00:00:00
----------------------------------------------------------

163/164 Testing: t_isnD_128K_8K_L
163/164 Test: t_isnD_128K_8K_L
Command: "/home/jhz/sponge/txrx.sh" "-isDnd" "128K" "-w" "8K" "-L" "0.1"
Directory: /home/jhz/sponge/build
"t_isnD_128K_8K_L" start time: Sep 17 23:55 CST
Output:
----------------------------------------------------------
DEBUG: Listening for incoming connection... new connection from 169.254.144.1:46146.
DEBUG: Inbound stream from 169.254.144.1:46146 finished cleanly.
DEBUG: Waiting for clean shutdown... DEBUG: Outbound stream to 169.254.144.1:46146 finished (30668 bytes still in flight).
DEBUG: Outbound stream to 169.254.144.1:46146 has been fully acknowledged.
DEBUG: TCP connection finished cleanly.
done.
<end of output>
Test time =   0.21 sec
----------------------------------------------------------
Test Passed.
"t_isnD_128K_8K_L" end time: Sep 17 23:55 CST
"t_isnD_128K_8K_L" time elapsed: 00:00:00
----------------------------------------------------------

164/164 Testing: t_isnD_128K_8K_lL
164/164 Test: t_isnD_128K_8K_lL
Command: "/home/jhz/sponge/txrx.sh" "-isDnd" "128K" "-w" "8K" "-l" "0.1" "-L" "0.1"
Directory: /home/jhz/sponge/build
"t_isnD_128K_8K_lL" start time: Sep 17 23:55 CST
Output:
----------------------------------------------------------
DEBUG: Listening for incoming connection... new connection from 169.254.144.1:57596.
DEBUG: Outbound stream to 169.254.144.1:57596 finished (30668 bytes still in flight).
DEBUG: Outbound stream to 169.254.144.1:57596 has been fully acknowledged.
DEBUG: Inbound stream from 169.254.144.1:57596 finished cleanly.
DEBUG: Waiting for lingering segments (e.g. retransmissions of FIN) from peer...
DEBUG: Waiting for clean shutdown... DEBUG: TCP connection finished cleanly.
done.
<end of output>
Test time =   1.59 sec
----------------------------------------------------------
Test Passed.
"t_isnD_128K_8K_lL" end time: Sep 17 23:55 CST
"t_isnD_128K_8K_lL" time elapsed: 00:00:01
----------------------------------------------------------

End testing: Sep 17 23:55 CST
